<?xml version="1.0" encoding="UTF-8"?>
<testng-results ignored="0" total="2" passed="2" failed="0" skipped="0">
  <reporter-output>
  </reporter-output>
  <suite started-at="2025-03-05T11:02:57 IST" name="User Module Test Suite" finished-at="2025-03-05T11:03:05 IST" duration-ms="7749">
    <groups>
    </groups>
    <test started-at="2025-03-05T11:02:57 IST" name="User Module Tests" finished-at="2025-03-05T11:03:05 IST" duration-ms="7749">
      <class name="com.fraud.test.UserModuleTesting">
        <test-method is-config="true" signature="setup()[pri:0, instance:com.fraud.test.UserModuleTesting@1bb266b3]" started-at="2025-03-05T11:02:57 IST" name="setup" finished-at="2025-03-05T11:02:59 IST" duration-ms="2330" status="PASS">
          <reporter-output>
          </reporter-output>
        </test-method> <!-- setup -->
        <test-method signature="testUserLogin(java.lang.String,java.lang.String,java.lang.String)[pri:1, instance:com.fraud.test.UserModuleTesting@1bb266b3]" started-at="2025-03-05T11:03:00 IST" name="testUserLogin" data-provider="loginData" finished-at="2025-03-05T11:03:04 IST" duration-ms="4288" status="PASS">
          <params>
            <param index="0">
              <value>
                <![CDATA[sujalja396@gmail.com]]>
              </value>
            </param>
            <param index="1">
              <value>
                <![CDATA[12345678]]>
              </value>
            </param>
            <param index="2">
              <value>
                <![CDATA[Citizen Safe]]>
              </value>
            </param>
          </params>
          <reporter-output>
          </reporter-output>
        </test-method> <!-- testUserLogin -->
        <test-method signature="testUserLogin(java.lang.String,java.lang.String,java.lang.String)[pri:1, instance:com.fraud.test.UserModuleTesting@1bb266b3]" started-at="2025-03-05T11:03:04 IST" name="testUserLogin" data-provider="loginData" finished-at="2025-03-05T11:03:05 IST" duration-ms="748" status="PASS">
          <params>
            <param index="0">
              <value>
                <![CDATA[wronguser@example.com]]>
              </value>
            </param>
            <param index="1">
              <value>
                <![CDATA[wrongpass]]>
              </value>
            </param>
            <param index="2">
              <value>
                <![CDATA[User not found. Please register.
OK]]>
              </value>
            </param>
          </params>
          <reporter-output>
          </reporter-output>
        </test-method> <!-- testUserLogin -->
        <test-method is-config="true" signature="checkTestResult(org.testng.ITestResult)[pri:0, instance:com.fraud.test.UserModuleTesting@1bb266b3]" started-at="2025-03-05T11:03:04 IST" name="checkTestResult" finished-at="2025-03-05T11:03:04 IST" duration-ms="0" status="PASS">
          <params>
            <param index="0">
              <value>
                <![CDATA[[TestResult name=testUserLogin status=SUCCESS method=UserModuleTesting.testUserLogin(java.lang.String,java.lang.String,java.lang.String)[pri:1, instance:com.fraud.test.UserModuleTesting@1bb266b3] output={null}]]]>
              </value>
            </param>
          </params>
          <reporter-output>
          </reporter-output>
        </test-method> <!-- checkTestResult -->
        <test-method is-config="true" signature="teardown()[pri:0, instance:com.fraud.test.UserModuleTesting@1bb266b3]" started-at="2025-03-05T11:03:05 IST" name="teardown" finished-at="2025-03-05T11:03:05 IST" duration-ms="313" status="PASS">
          <reporter-output>
          </reporter-output>
        </test-method> <!-- teardown -->
        <test-method is-config="true" signature="checkTestResult(org.testng.ITestResult)[pri:0, instance:com.fraud.test.UserModuleTesting@1bb266b3]" started-at="2025-03-05T11:03:05 IST" name="checkTestResult" finished-at="2025-03-05T11:03:05 IST" duration-ms="0" status="PASS">
          <params>
            <param index="0">
              <value>
                <![CDATA[[TestResult name=testUserLogin status=SUCCESS method=UserModuleTesting.testUserLogin(java.lang.String,java.lang.String,java.lang.String)[pri:1, instance:com.fraud.test.UserModuleTesting@1bb266b3] output={null}]]]>
              </value>
            </param>
          </params>
          <reporter-output>
          </reporter-output>
        </test-method> <!-- checkTestResult -->
      </class> <!-- com.fraud.test.UserModuleTesting -->
    </test> <!-- User Module Tests -->
  </suite> <!-- User Module Test Suite -->
</testng-results>
