<?xml version="1.0" encoding="UTF-8"?>
<testsuite xmlns:xsi="http://www.w3.org/2001/XMLSchema-instance" xsi:noNamespaceSchemaLocation="https://maven.apache.org/surefire/maven-surefire-plugin/xsd/surefire-test-report-3.0.xsd" version="3.0" name="TestSuite" time="10.878" tests="2" errors="0" skipped="0" failures="0">
  <properties>
[...]
</properties>
  <testcase name="testUserLogin[sujalja396@gmail.com, 12345678, Citizen Safe](1)" classname="com.fraud.test.UserModuleTesting" time="4.32">
    <system-out><![CDATA[01:51:23.053 [main] DEBUG org.testng.TestNG -- suiteXmlPath: "D:\Fraud detection website\tomcat\apache-tomcat-10.1.24\webapps\FraudDetectionSystem\src\test\resources\testng.xml"
01:51:23.493 [main] DEBUG io.github.bonigarcia.wdm.WebDriverManager -- Using WebDriverManager 5.8.0
01:51:23.966 [main] DEBUG io.github.bonigarcia.wdm.cache.ResolutionCache -- Removing resolution chrome=133 from cache (expired on Tue Mar 04 01:03:01 IST 2025)
01:51:23.993 [main] DEBUG org.apache.hc.client5.http.impl.classic.InternalHttpClient -- ex-0000000001 preparing request execution
01:51:24.009 [main] DEBUG org.apache.hc.client5.http.impl.classic.ProtocolExec -- ex-0000000001 target auth state: UNCHALLENGED
01:51:24.011 [main] DEBUG org.apache.hc.client5.http.impl.classic.ProtocolExec -- ex-0000000001 proxy auth state: UNCHALLENGED
01:51:24.011 [main] DEBUG org.apache.hc.client5.http.impl.classic.ConnectExec -- ex-0000000001 acquiring connection with route {s}->https://raw.githubusercontent.com:443
01:51:24.012 [main] DEBUG org.apache.hc.client5.http.impl.classic.InternalHttpClient -- ex-0000000001 acquiring endpoint (3 MINUTES)
01:51:24.014 [main] DEBUG org.apache.hc.client5.http.impl.io.PoolingHttpClientConnectionManager -- ex-0000000001 endpoint lease request (3 MINUTES) [route: {s}->https://raw.githubusercontent.com:443][total available: 0; route allocated: 0 of 5; total allocated: 0 of 25]
01:51:24.022 [main] DEBUG org.apache.hc.client5.http.impl.io.PoolingHttpClientConnectionManager -- ex-0000000001 endpoint leased [route: {s}->https://raw.githubusercontent.com:443][total available: 0; route allocated: 1 of 5; total allocated: 1 of 25]
01:51:24.038 [main] DEBUG org.apache.hc.client5.http.impl.io.PoolingHttpClientConnectionManager -- ex-0000000001 acquired ep-0000000001
01:51:24.038 [main] DEBUG org.apache.hc.client5.http.impl.classic.InternalHttpClient -- ex-0000000001 acquired endpoint ep-0000000001
01:51:24.038 [main] DEBUG org.apache.hc.client5.http.impl.classic.ConnectExec -- ex-0000000001 opening connection {s}->https://raw.githubusercontent.com:443
01:51:24.039 [main] DEBUG org.apache.hc.client5.http.impl.classic.InternalHttpClient -- ep-0000000001 connecting endpoint (null)
01:51:24.041 [main] DEBUG org.apache.hc.client5.http.impl.io.PoolingHttpClientConnectionManager -- ep-0000000001 connecting endpoint to https://raw.githubusercontent.com:443 (30 SECONDS)
01:51:24.041 [main] DEBUG org.apache.hc.client5.http.impl.io.DefaultHttpClientConnectionOperator -- raw.githubusercontent.com resolving remote address
01:51:24.068 [main] DEBUG org.apache.hc.client5.http.impl.io.DefaultHttpClientConnectionOperator -- raw.githubusercontent.com resolved to [raw.githubusercontent.com/185.199.110.133, raw.githubusercontent.com/185.199.109.133, raw.githubusercontent.com/185.199.108.133, raw.githubusercontent.com/185.199.111.133, raw.githubusercontent.com/2606:50c0:8002:0:0:0:0:154, raw.githubusercontent.com/2606:50c0:8001:0:0:0:0:154, raw.githubusercontent.com/2606:50c0:8000:0:0:0:0:154, raw.githubusercontent.com/2606:50c0:8003:0:0:0:0:154]
01:51:24.079 [main] DEBUG org.apache.hc.client5.http.impl.io.DefaultHttpClientConnectionOperator -- raw.githubusercontent.com:443 connecting null->raw.githubusercontent.com/185.199.110.133:443 (30 SECONDS)
01:51:24.079 [main] DEBUG org.apache.hc.client5.http.ssl.SSLConnectionSocketFactory -- Connecting socket to raw.githubusercontent.com/185.199.110.133:443 with timeout 30 SECONDS
01:51:24.154 [main] DEBUG org.apache.hc.client5.http.ssl.SSLConnectionSocketFactory -- Enabled protocols: [TLSv1.3, TLSv1.2]
01:51:24.154 [main] DEBUG org.apache.hc.client5.http.ssl.SSLConnectionSocketFactory -- Enabled cipher suites: [TLS_AES_256_GCM_SHA384, TLS_AES_128_GCM_SHA256, TLS_CHACHA20_POLY1305_SHA256, TLS_ECDHE_ECDSA_WITH_AES_256_GCM_SHA384, TLS_ECDHE_ECDSA_WITH_AES_128_GCM_SHA256, TLS_ECDHE_ECDSA_WITH_CHACHA20_POLY1305_SHA256, TLS_ECDHE_RSA_WITH_AES_256_GCM_SHA384, TLS_ECDHE_RSA_WITH_CHACHA20_POLY1305_SHA256, TLS_ECDHE_RSA_WITH_AES_128_GCM_SHA256, TLS_DHE_RSA_WITH_AES_256_GCM_SHA384, TLS_DHE_RSA_WITH_CHACHA20_POLY1305_SHA256, TLS_DHE_DSS_WITH_AES_256_GCM_SHA384, TLS_DHE_RSA_WITH_AES_128_GCM_SHA256, TLS_DHE_DSS_WITH_AES_128_GCM_SHA256, TLS_ECDHE_ECDSA_WITH_AES_256_CBC_SHA384, TLS_ECDHE_RSA_WITH_AES_256_CBC_SHA384, TLS_ECDHE_ECDSA_WITH_AES_128_CBC_SHA256, TLS_ECDHE_RSA_WITH_AES_128_CBC_SHA256, TLS_DHE_RSA_WITH_AES_256_CBC_SHA256, TLS_DHE_DSS_WITH_AES_256_CBC_SHA256, TLS_DHE_RSA_WITH_AES_128_CBC_SHA256, TLS_DHE_DSS_WITH_AES_128_CBC_SHA256, TLS_ECDHE_ECDSA_WITH_AES_256_CBC_SHA, TLS_ECDHE_RSA_WITH_AES_256_CBC_SHA, TLS_ECDHE_ECDSA_WITH_AES_128_CBC_SHA, TLS_ECDHE_RSA_WITH_AES_128_CBC_SHA, TLS_DHE_RSA_WITH_AES_256_CBC_SHA, TLS_DHE_DSS_WITH_AES_256_CBC_SHA, TLS_DHE_RSA_WITH_AES_128_CBC_SHA, TLS_DHE_DSS_WITH_AES_128_CBC_SHA, TLS_RSA_WITH_AES_256_GCM_SHA384, TLS_RSA_WITH_AES_128_GCM_SHA256, TLS_RSA_WITH_AES_256_CBC_SHA256, TLS_RSA_WITH_AES_128_CBC_SHA256, TLS_RSA_WITH_AES_256_CBC_SHA, TLS_RSA_WITH_AES_128_CBC_SHA, TLS_EMPTY_RENEGOTIATION_INFO_SCSV]
01:51:24.154 [main] DEBUG org.apache.hc.client5.http.ssl.SSLConnectionSocketFactory -- Starting handshake (null)
01:51:24.345 [main] DEBUG org.apache.hc.client5.http.ssl.SSLConnectionSocketFactory -- Secure session established
01:51:24.346 [main] DEBUG org.apache.hc.client5.http.ssl.SSLConnectionSocketFactory --  negotiated protocol: TLSv1.3
01:51:24.346 [main] DEBUG org.apache.hc.client5.http.ssl.SSLConnectionSocketFactory --  negotiated cipher suite: TLS_AES_128_GCM_SHA256
01:51:24.346 [main] DEBUG org.apache.hc.client5.http.ssl.SSLConnectionSocketFactory --  peer principal: CN=*.github.io, O="GitHub, Inc.", L=San Francisco, ST=California, C=US
01:51:24.349 [main] DEBUG org.apache.hc.client5.http.ssl.SSLConnectionSocketFactory --  peer alternative names: [*.github.io, github.io, githubusercontent.com, www.github.com, *.github.com, *.githubusercontent.com, github.com]
01:51:24.349 [main] DEBUG org.apache.hc.client5.http.ssl.SSLConnectionSocketFactory --  issuer principal: CN=DigiCert Global G2 TLS RSA SHA256 2020 CA1, O=DigiCert Inc, C=US
01:51:24.350 [main] DEBUG org.apache.hc.client5.http.impl.io.DefaultManagedHttpClientConnection -- http-outgoing-0 set socket timeout to 3 MINUTES
01:51:24.350 [main] DEBUG org.apache.hc.client5.http.impl.io.DefaultHttpClientConnectionOperator -- raw.githubusercontent.com:443 connected null->raw.githubusercontent.com/185.199.110.133:443 as http-outgoing-0
01:51:24.351 [main] DEBUG org.apache.hc.client5.http.impl.io.PoolingHttpClientConnectionManager -- ep-0000000001 connected http-outgoing-0
01:51:24.351 [main] DEBUG org.apache.hc.client5.http.impl.classic.InternalHttpClient -- ep-0000000001 endpoint connected
01:51:24.352 [main] DEBUG org.apache.hc.client5.http.impl.classic.MainClientExec -- ex-0000000001 executing GET /bonigarcia/webdrivermanager/master/src/main/resources/commands.properties HTTP/1.1
01:51:24.353 [main] DEBUG org.apache.hc.client5.http.protocol.RequestAddCookies -- ex-0000000001 Cookie spec selected: strict
01:51:24.362 [main] DEBUG org.apache.hc.client5.http.impl.classic.InternalHttpClient -- ep-0000000001 start execution ex-0000000001
01:51:24.362 [main] DEBUG org.apache.hc.client5.http.impl.io.PoolingHttpClientConnectionManager -- ep-0000000001 executing exchange ex-0000000001 over http-outgoing-0
01:51:24.363 [main] DEBUG org.apache.hc.client5.http.headers -- http-outgoing-0 >> GET /bonigarcia/webdrivermanager/master/src/main/resources/commands.properties HTTP/1.1
01:51:24.363 [main] DEBUG org.apache.hc.client5.http.headers -- http-outgoing-0 >> user-agent: Apache-HttpClient/5.0
01:51:24.363 [main] DEBUG org.apache.hc.client5.http.headers -- http-outgoing-0 >> accept-encoding: gzip, deflate, br
01:51:24.363 [main] DEBUG org.apache.hc.client5.http.headers -- http-outgoing-0 >> cache-control: max-age=0
01:51:24.363 [main] DEBUG org.apache.hc.client5.http.headers -- http-outgoing-0 >> connection: keep-alive
01:51:24.363 [main] DEBUG org.apache.hc.client5.http.headers -- http-outgoing-0 >> Host: raw.githubusercontent.com
01:51:24.363 [main] DEBUG org.apache.hc.client5.http.wire -- http-outgoing-0 >> "GET /bonigarcia/webdrivermanager/master/src/main/resources/commands.properties HTTP/1.1[\r][\n]"
01:51:24.363 [main] DEBUG org.apache.hc.client5.http.wire -- http-outgoing-0 >> "user-agent: Apache-HttpClient/5.0[\r][\n]"
01:51:24.363 [main] DEBUG org.apache.hc.client5.http.wire -- http-outgoing-0 >> "accept-encoding: gzip, deflate, br[\r][\n]"
01:51:24.363 [main] DEBUG org.apache.hc.client5.http.wire -- http-outgoing-0 >> "cache-control: max-age=0[\r][\n]"
01:51:24.363 [main] DEBUG org.apache.hc.client5.http.wire -- http-outgoing-0 >> "connection: keep-alive[\r][\n]"
01:51:24.364 [main] DEBUG org.apache.hc.client5.http.wire -- http-outgoing-0 >> "Host: raw.githubusercontent.com[\r][\n]"
01:51:24.365 [main] DEBUG org.apache.hc.client5.http.wire -- http-outgoing-0 >> "[\r][\n]"
01:51:24.373 [main] DEBUG org.apache.hc.client5.http.wire -- http-outgoing-0 << "HTTP/1.1 200 OK[\r][\n]"
01:51:24.374 [main] DEBUG org.apache.hc.client5.http.wire -- http-outgoing-0 << "Connection: keep-alive[\r][\n]"
01:51:24.374 [main] DEBUG org.apache.hc.client5.http.wire -- http-outgoing-0 << "Content-Length: 946[\r][\n]"
01:51:24.374 [main] DEBUG org.apache.hc.client5.http.wire -- http-outgoing-0 << "Cache-Control: max-age=300[\r][\n]"
01:51:24.374 [main] DEBUG org.apache.hc.client5.http.wire -- http-outgoing-0 << "Content-Security-Policy: default-src 'none'; style-src 'unsafe-inline'; sandbox[\r][\n]"
01:51:24.374 [main] DEBUG org.apache.hc.client5.http.wire -- http-outgoing-0 << "Content-Type: text/plain; charset=utf-8[\r][\n]"
01:51:24.374 [main] DEBUG org.apache.hc.client5.http.wire -- http-outgoing-0 << "ETag: W/"dc0c32cea2dfa86f6cf10513cf8a64e1e8817484a415b658b4eecd962d4deaee"[\r][\n]"
01:51:24.374 [main] DEBUG org.apache.hc.client5.http.wire -- http-outgoing-0 << "Strict-Transport-Security: max-age=31536000[\r][\n]"
01:51:24.374 [main] DEBUG org.apache.hc.client5.http.wire -- http-outgoing-0 << "X-Content-Type-Options: nosniff[\r][\n]"
01:51:24.374 [main] DEBUG org.apache.hc.client5.http.wire -- http-outgoing-0 << "X-Frame-Options: deny[\r][\n]"
01:51:24.374 [main] DEBUG org.apache.hc.client5.http.wire -- http-outgoing-0 << "X-XSS-Protection: 1; mode=block[\r][\n]"
01:51:24.374 [main] DEBUG org.apache.hc.client5.http.wire -- http-outgoing-0 << "X-GitHub-Request-Id: 2341:1EF5CF:140C53:32B1F2:67C4C731[\r][\n]"
01:51:24.374 [main] DEBUG org.apache.hc.client5.http.wire -- http-outgoing-0 << "Content-Encoding: gzip[\r][\n]"
01:51:24.374 [main] DEBUG org.apache.hc.client5.http.wire -- http-outgoing-0 << "Accept-Ranges: bytes[\r][\n]"
01:51:24.374 [main] DEBUG org.apache.hc.client5.http.wire -- http-outgoing-0 << "Date: Tue, 04 Mar 2025 20:21:04 GMT[\r][\n]"
01:51:24.374 [main] DEBUG org.apache.hc.client5.http.wire -- http-outgoing-0 << "Via: 1.1 varnish[\r][\n]"
01:51:24.375 [main] DEBUG org.apache.hc.client5.http.wire -- http-outgoing-0 << "X-Served-By: cache-bom4733-BOM[\r][\n]"
01:51:24.375 [main] DEBUG org.apache.hc.client5.http.wire -- http-outgoing-0 << "X-Cache: HIT[\r][\n]"
01:51:24.375 [main] DEBUG org.apache.hc.client5.http.wire -- http-outgoing-0 << "X-Cache-Hits: 5[\r][\n]"
01:51:24.375 [main] DEBUG org.apache.hc.client5.http.wire -- http-outgoing-0 << "X-Timer: S1741119664.176583,VS0,VE0[\r][\n]"
01:51:24.375 [main] DEBUG org.apache.hc.client5.http.wire -- http-outgoing-0 << "Vary: Authorization,Accept-Encoding,Origin[\r][\n]"
01:51:24.375 [main] DEBUG org.apache.hc.client5.http.wire -- http-outgoing-0 << "Access-Control-Allow-Origin: *[\r][\n]"
01:51:24.375 [main] DEBUG org.apache.hc.client5.http.wire -- http-outgoing-0 << "Cross-Origin-Resource-Policy: cross-origin[\r][\n]"
01:51:24.375 [main] DEBUG org.apache.hc.client5.http.wire -- http-outgoing-0 << "X-Fastly-Request-ID: 59833a9be73df726f43821eb988cbf3aea40f02b[\r][\n]"
01:51:24.375 [main] DEBUG org.apache.hc.client5.http.wire -- http-outgoing-0 << "Expires: Tue, 04 Mar 2025 20:26:04 GMT[\r][\n]"
01:51:24.375 [main] DEBUG org.apache.hc.client5.http.wire -- http-outgoing-0 << "Source-Age: 240[\r][\n]"
01:51:24.376 [main] DEBUG org.apache.hc.client5.http.wire -- http-outgoing-0 << "[\r][\n]"
01:51:24.380 [main] DEBUG org.apache.hc.client5.http.headers -- http-outgoing-0 << HTTP/1.1 200 OK
01:51:24.380 [main] DEBUG org.apache.hc.client5.http.headers -- http-outgoing-0 << Connection: keep-alive
01:51:24.380 [main] DEBUG org.apache.hc.client5.http.headers -- http-outgoing-0 << Content-Length: 946
01:51:24.380 [main] DEBUG org.apache.hc.client5.http.headers -- http-outgoing-0 << Cache-Control: max-age=300
01:51:24.380 [main] DEBUG org.apache.hc.client5.http.headers -- http-outgoing-0 << Content-Security-Policy: default-src 'none'; style-src 'unsafe-inline'; sandbox
01:51:24.380 [main] DEBUG org.apache.hc.client5.http.headers -- http-outgoing-0 << Content-Type: text/plain; charset=utf-8
01:51:24.380 [main] DEBUG org.apache.hc.client5.http.headers -- http-outgoing-0 << ETag: W/"dc0c32cea2dfa86f6cf10513cf8a64e1e8817484a415b658b4eecd962d4deaee"
01:51:24.380 [main] DEBUG org.apache.hc.client5.http.headers -- http-outgoing-0 << Strict-Transport-Security: max-age=31536000
01:51:24.380 [main] DEBUG org.apache.hc.client5.http.headers -- http-outgoing-0 << X-Content-Type-Options: nosniff
01:51:24.380 [main] DEBUG org.apache.hc.client5.http.headers -- http-outgoing-0 << X-Frame-Options: deny
01:51:24.381 [main] DEBUG org.apache.hc.client5.http.headers -- http-outgoing-0 << X-XSS-Protection: 1; mode=block
01:51:24.381 [main] DEBUG org.apache.hc.client5.http.headers -- http-outgoing-0 << X-GitHub-Request-Id: 2341:1EF5CF:140C53:32B1F2:67C4C731
01:51:24.381 [main] DEBUG org.apache.hc.client5.http.headers -- http-outgoing-0 << Content-Encoding: gzip
01:51:24.381 [main] DEBUG org.apache.hc.client5.http.headers -- http-outgoing-0 << Accept-Ranges: bytes
01:51:24.381 [main] DEBUG org.apache.hc.client5.http.headers -- http-outgoing-0 << Date: Tue, 04 Mar 2025 20:21:04 GMT
01:51:24.381 [main] DEBUG org.apache.hc.client5.http.headers -- http-outgoing-0 << Via: 1.1 varnish
01:51:24.381 [main] DEBUG org.apache.hc.client5.http.headers -- http-outgoing-0 << X-Served-By: cache-bom4733-BOM
01:51:24.381 [main] DEBUG org.apache.hc.client5.http.headers -- http-outgoing-0 << X-Cache: HIT
01:51:24.381 [main] DEBUG org.apache.hc.client5.http.headers -- http-outgoing-0 << X-Cache-Hits: 5
01:51:24.381 [main] DEBUG org.apache.hc.client5.http.headers -- http-outgoing-0 << X-Timer: S1741119664.176583,VS0,VE0
01:51:24.381 [main] DEBUG org.apache.hc.client5.http.headers -- http-outgoing-0 << Vary: Authorization,Accept-Encoding,Origin
01:51:24.381 [main] DEBUG org.apache.hc.client5.http.headers -- http-outgoing-0 << Access-Control-Allow-Origin: *
01:51:24.381 [main] DEBUG org.apache.hc.client5.http.headers -- http-outgoing-0 << Cross-Origin-Resource-Policy: cross-origin
01:51:24.382 [main] DEBUG org.apache.hc.client5.http.headers -- http-outgoing-0 << X-Fastly-Request-ID: 59833a9be73df726f43821eb988cbf3aea40f02b
01:51:24.382 [main] DEBUG org.apache.hc.client5.http.headers -- http-outgoing-0 << Expires: Tue, 04 Mar 2025 20:26:04 GMT
01:51:24.382 [main] DEBUG org.apache.hc.client5.http.headers -- http-outgoing-0 << Source-Age: 240
01:51:24.386 [main] DEBUG org.apache.hc.client5.http.impl.classic.MainClientExec -- ex-0000000001 connection can be kept alive for 3 MINUTES
01:51:24.400 [main] DEBUG org.apache.hc.client5.http.wire -- http-outgoing-0 << "[0x1f][0xffffff8b][0x8][0x0][0x0][0x0][0x0][0x0][0x0][0x3][0xffffffb5]X[0xffffffd1]n[0xffffffda]0[0x14]}[0xffffffe7]+,[0xffffffba]J [0x11][0xffffffb2][0x1][0xffffffeb][0xffffffaa]Jy[0xffffffa0][0x19]e[0xffffffd5][0xffffffa8]`[0xffffffd0]v[0xffffff9b][0xffffffe4][0x17][0xffffff93]8`)[0xffffff89]Q[0xffffff9c]@[0xffffffb7][0xffffffa9][0xfffffffb][0xfffffff6]9NB[0xffffffe3]$[0xc]H[0xffffffe0][0xffffffad][0xffffff8e][0xffffff8f][0xffffffef]97[0xffffffdc]s}[0xffffffd3][0xb][0xffffffa0]S[0xffffffc7]A[0xffffffae][0xffffffc9][0xffffff80][0xffffff89]|4G[0xc][0xffffffd7].[0xffffffc0][0xffffffe3][0xffffff92]0`[0x11][0x1b][0x3][0xffffff83][0xffffffba]>".[0x3][0xfffffffe]2\[0xffffffc4]P[0xffffff9f][0xffffff82]9[0x6][0xfffffff8][0x5][0x1b][0xffffff81][0xffffff8f]M@\[0xffffffb1][0xffffffcd][0xffffff96][0xffffffd8][0xffffffb6][0xffffffc3][0x5][0xfffffff5]L[0xffffffec][0xffffff85] [0x13][0xfffffffb][0xffffffd8][0xfffffff0][0xffffffc5][0xffffffe6][0x1a]{[0xffffff8c]P[0xffffffbe]g[0x1][0xffffffcc][0xffffffff]^x[0x18][0xffffffbb]`[0xffffffee][0xffffffd1][\r][0xffffffe3][0x1b][0xffffff9c][0xffffffb2][0xffffffa1]/=[0xffffffea][0xffffffe0][0x16][0xffffffb8]#[0x1e][0xffffffb6][0xffffffe8]K[0xb][0xffffff8c]W[0xffffffd8]C-00[0x17][0xfffffffc][0xffffffa9][0xffffffd8]%[0xffffff81][0xffffffd3][0xc][0xffffffe3][0xffffff9b][0xffffffc4][0xffffffb2][0xffffffb0][0xffffff87]][0x1f][0xffffffd0][0x10][0xffffffe3][0x13]w[0x1][0xffffffd8]/[0xffffffe6]c[0xffffff87][0xffffff81][0xffffffc6]w[0xffffffe2][0xffffff9a]<j[0xb][0xffffff8c][0xffffff88][0x1b][0xfffffff0]0[0xf][0xffffffc8][0x0][0xffffffe3]Y[0xffffffb3][0xffffffc6]9"[0xffffff8a]Z[0xffffff9c]F[0xffffffdb][0x10][0xffffffcb][0xfffffff6]&:[0xffffffd0]~[0xffffffff]A3[0x1c][0xffffffb3][0xffffffcd][0xffffffb3][0x2][0xffffffaa][0xe]6[0xe]1[0xffffffc4]+[0x11][0xffffffaf]a[0xffffffb3][0xffffffe4]|[0xffffffc0]E[0xe][0xffffffd6][0xffffffea][0xffffff97][0xffffff93][0xffffffe9]x8[0xffffffed]?[0xffffffdc][0xffffffdd][0xffffff8f][0x6][0xffffffb3][0x1b][0xffffffa8]Ax[0x9][0xffffffe1][0xffffff90][0xffffffd2][0xffffff85][0xffffff8d]![0xffffff8c]( [0xffffffec][0xffffffaf]V61[0xffffffb8]4[0xffffffea]B[0x18][0x13][0xfffffff1][0xffffffc8]u[0xffffffb0][0xffffffc0]>x[0xffffff8e][0xffffffdf][0xffffff85][0xffffffba]Fv[0xffffffb0][O[0xffffffa7][0xffffff84][0xffffff9e][0xffffffc6][0xffffff8f][0xffffffeb][0xffffffab][0xffffffe6]9Eu[0xf][0x14]5[0x1a][0xffffffeb][0xfffffffd]Q[0x7f]2[0xfffffff9][0xffffffdc][0x7f][0xffffffec][0xffffff9f]SOO[0xffffff9b][0xe][0xffffff86][0xffffffe0][0xffffffdb][0xffffffd3]`[0xfffffffa][0x13]|[0xfffffff9][0xffffffaa]?[0xffffffc1][0x19][0xffffffb5][0xfffffffc][\r][0xfffffff2]p[0xffffffc2][0x16][0xffffff93][0xffffffdd][0xffffff8e]n12D[0xffffffbc][0xffffffa4][0x16]w[0xffffffc6][0xfffffffc][0xffffffa8][0xffffffad][0xffffffe8][0xffffff86]c[0xffffffc2]z[0x16][0xffffffa9]*[0xffffffb1]I@c[0xffffff88]}[0xffffffe5][0xffffff9e][0x17][0x1a][0xffffffa8][0xffffffbf][0xfffffffb][0xffffff83][0xffffffdd][0xfffffff5]M:[0xffffffcd][0xffffffd7][0xc]e:[0xffffffbd]Tv[0xffffffcd]v[0xffffff9c][0xffffffda][0xffffffbd]k[0xffffffd1][0xfffffff6][0xffffffc4][0xffffffa3]f`[0xfffffff8][0xffffffcf]{$][0x1d].)W[0xe][0xffffffe7][0xffffffd4][0xfffffff5][0xffffffa9][0xffffff9c][0xffffffae]SH[0xffffffca]j[0xffffffb2]C[0xffffffbf][0xffffff87].V[0x3][0xffffffe6][0xffffffa9]s[0xffffffe2][0xffffffaa][0xb][0xffffffc1][0xffffffa1]D[0xfffffffb]@Qv[0xfffffffc][0xffffffee][0xfffffff1][0xffffffc1][0xffffff8e][0xffffffb6][0xb][0xffffff9f]=[0xffffffe0] C[0xfffffff0][0xffffffa4]T35J([0xffffffee]1m[0xffffffb4]Z[0xffffffa9]:[0xffffffef][0xffffff9d][0xffffffbc]I1[0xffffff95][0xffffffb7][0xffffffa0][0xfffffff1]L[0x6][0xffffffa4][0xffffffa3][0xfffffff3][0xffffffce][0x14]7[0xffffffbd]-[0xffffff91][0x15][0xffffffad]O[0xffffffd3][0xffffff9b][0x1e][0xffffffe8]ob[0xffffffdb](![0xffffff81]0[0xffffff89][0xffffffbe][0xffffffcf]k9[0x15][0xffffff95];[0xffffffd2][0xffffffe9][0xffffffa4]tS[0xffffffbe][0xffffffaf][0xffffffcb][0xffffffc6][0xffffff8f]I[0xffffffb2]d[0xfffffff5][0xffffffd0][0xfffffffa]z[0xffffffe0][0xffffff85][0x17]G[0xffffffb6][0xffffffac]s[0xffffffe1]{[0xffffff95][0xfffffffc][0x16]1[0xffffffff][0xfffffffd] [0xffffffa5]w[0xffffff90][0xffffffbf]rB[0xffffff8e][0xffffffe8]E[0xffffffb2][0xffffffc1][0xffffff8e][0xffffffd7][0xffffff90][0x13][0xffffff91]wT[0xffffffbc][0x3][0xffffff94][0xfffffff5].pGKar[0xffffffa0]B[0xffffffe7][0xffffffc4][0xffffffbf]O[0xffffff91]g[0xffffffd2][0xffffffb1][0xffffffb8]M[0xffffffc2]Y`[0x1b][0x13][0xfffffff3]E5[0xffffff83][0xffffffc8][0xffffffa5]I[0xc][0xffffff8f]2^C[0x10][0xffffff86]4[0xffffff99][0xffffffdb][0xffffffc9]a[0xffffff82]n_[0xffffff99][0xffffffca][0xffffff9a][0xffffffca][0xffffffd8][0xffffffe5][0xffffff8c]r[0xffffffba];[0xffffffaf][0xffffffca]72[0xffffffc1][0xfffffff5][0xffffffbf][0xffffffbb]R[0xe]Y[0xffffffd2]&[0xffffffaf]Y[0xffffffc6]tr[0xffffffa9][0xffffffdc][0xe][0xffffffb2][0xffffff8c][0xffffffac][0xffffffa8][0xffffffa4]_[0x12][0xffffffe3]V[0xffffff97]U[0xffffff93][0xffffff85][0xffffffe5]=[0xffffffe4]$[0x1c]J[0x8]([0xffffffb8][0xffffff96][0xffffffd2][0xffffffe7]:[0xffffffda]N[0xffffffb8][0xffffff8c]/t[0xffffffd6]6[0x1d][0xffffffe1][0xffffff9c]"[0xffffff83][0xffffffc9][0x8] ]Jb[0x0][0xffffffdf][0xffffffb2][0xffffff88]Q[0xfffffffb]x[0xffffffbf][0x15][0xffffffcd][0xffffff81][0xfffffffc][0xffffff8d]-<[0xffffffe4]0[0x8][0x5][0x5][0xffffff84]Q[0xffffffec]}[0xffffffd5][0xffffff9c]QP[0xffffffc5]][0xffffffa7]QPe[0x16][0xffffff8e]ym[0x14][0xffffffb8][0x6][0xffffffc7][0x1e]K[0xffffffdd][0xffffffab][0xffffff90]|E[0xffffffea][0xffffffd2]7R[0xffffffc4]+[0xffffffd1][0x1e]d[0xfffffff0][0xc][0xffffffff][0x11][0xffffffa3][0xffffffb0]<[0xffffff9d][0xffffff9f][0xffffff88][0xffffffbf][0xfffffff4][0xffffffc8][0xffffffbb]-[0xffffffba]H[0xffffffc8][[0xffffffc9][0xffffff95]Qq][0xfffffff6]-[0xffffff94]S[0xffffff91][0xffffff91][0xffffff91][0xffffffef]j[0xffffffe2]yA3[0xffffff93][0xfffffff0][0x1d]-[0xb][0xffffffcb][0xffffffe0][\n]"
01:51:24.400 [main] DEBUG org.apache.hc.client5.http.wire -- http-outgoing-0 << "[0xffffffbb][0xffffff98][0x10]Z[0xffffffd4][0xffffffbc][0xffffffc6][0xffffffd9]`[0xffffffc9]7>[0x9][0x1c]yf[0xffffffe7][0xf]N[0xffffffd3][0xffffffba][0xffffff92][0xfffffff0][0x15]>^%-[0xffffff95]'[0xffffffea]S[0xb]:[0xffffffb4][0xffffffa7][0x15]5[0xffffff96]Sk)=]l[0xffffff85]T[0xfffffffe][0xffffffd4][0xffffff95][0xfffffff4]T[0xffffff9b]-[0xffffffce]$[0xffffffaa]t;[0xffffffac][0xffffffa4]'/([0xffffffdf][0x12][0xffffff92]-%[0xfffffffe]7[0xffffffdf][0xffffffae]/[0xfffffff0][0xffffffd4]in[0xffffff87][0xffffffe3][0xf]u[0xfffffff3][0xffffff94][0x7][0xffffff9c][0xffffffea]i[0x5][0xffffffe0]<[0xffffffba][0xffffffb0]#%[0xffffffaf][0xffffffae][0xffffffa8])[0xffffffe9][0x5]Q/[0xffffffc0][0xc]Y[0xffffffc8]#[0xffffffdb][0xfffffff0]L,[0xffffff8b][0xffffff83]G[0xffffffd0][0xffffffa2][0xffffffd0][0xffffffd1]N*[0xfffffff0]?l[0x1d]d@[0xffffffbe][0x15][0x0][0x0]"
01:51:24.402 [main] DEBUG org.apache.hc.client5.http.impl.classic.InternalHttpClient -- ep-0000000001 releasing valid endpoint
01:51:24.402 [main] DEBUG org.apache.hc.client5.http.impl.io.PoolingHttpClientConnectionManager -- ep-0000000001 releasing endpoint
01:51:24.402 [main] DEBUG org.apache.hc.client5.http.impl.io.PoolingHttpClientConnectionManager -- ep-0000000001 connection http-outgoing-0 can be kept alive for 3 MINUTES
01:51:24.403 [main] DEBUG org.apache.hc.client5.http.impl.io.PoolingHttpClientConnectionManager -- ep-0000000001 connection released [route: {s}->https://raw.githubusercontent.com:443][total available: 1; route allocated: 1 of 5; total allocated: 1 of 25]
01:51:24.403 [main] DEBUG io.github.bonigarcia.wdm.versions.VersionDetector -- Detecting chrome version using online commands.properties
01:51:24.409 [main] DEBUG io.github.bonigarcia.wdm.versions.Shell -- Running command on the shell: [cmd.exe, /C, wmic, datafile, where, name="%PROGRAMFILES:\=\\%\\Google\\Chrome\\Application\\chrome.exe", get, Version, /value]
01:51:24.653 [main] DEBUG io.github.bonigarcia.wdm.versions.Shell -- Result: Version=133.0.6943.142
01:51:24.655 [main] DEBUG io.github.bonigarcia.wdm.cache.ResolutionCache -- Removing resolution chrome133=133.0.6943.141 from cache (expired on Tue Mar 04 05:18:57 IST 2025)
01:51:24.658 [main] DEBUG org.apache.hc.client5.http.impl.classic.InternalHttpClient -- ex-0000000002 preparing request execution
01:51:24.659 [main] DEBUG org.apache.hc.client5.http.impl.classic.ProtocolExec -- ex-0000000002 target auth state: UNCHALLENGED
01:51:24.659 [main] DEBUG org.apache.hc.client5.http.impl.classic.ProtocolExec -- ex-0000000002 proxy auth state: UNCHALLENGED
01:51:24.659 [main] DEBUG org.apache.hc.client5.http.impl.classic.ConnectExec -- ex-0000000002 acquiring connection with route {s}->https://googlechromelabs.github.io:443
01:51:24.659 [main] DEBUG org.apache.hc.client5.http.impl.classic.InternalHttpClient -- ex-0000000002 acquiring endpoint (3 MINUTES)
01:51:24.659 [main] DEBUG org.apache.hc.client5.http.impl.io.PoolingHttpClientConnectionManager -- ex-0000000002 endpoint lease request (3 MINUTES) [route: {s}->https://googlechromelabs.github.io:443][total available: 1; route allocated: 0 of 5; total allocated: 1 of 25]
01:51:24.659 [main] DEBUG org.apache.hc.client5.http.impl.io.PoolingHttpClientConnectionManager -- ex-0000000002 endpoint leased [route: {s}->https://googlechromelabs.github.io:443][total available: 1; route allocated: 1 of 5; total allocated: 2 of 25]
01:51:24.659 [main] DEBUG org.apache.hc.client5.http.impl.io.PoolingHttpClientConnectionManager -- ex-0000000002 acquired ep-0000000002
01:51:24.660 [main] DEBUG org.apache.hc.client5.http.impl.classic.InternalHttpClient -- ex-0000000002 acquired endpoint ep-0000000002
01:51:24.660 [main] DEBUG org.apache.hc.client5.http.impl.classic.ConnectExec -- ex-0000000002 opening connection {s}->https://googlechromelabs.github.io:443
01:51:24.660 [main] DEBUG org.apache.hc.client5.http.impl.classic.InternalHttpClient -- ep-0000000002 connecting endpoint (null)
01:51:24.660 [main] DEBUG org.apache.hc.client5.http.impl.io.PoolingHttpClientConnectionManager -- ep-0000000002 connecting endpoint to https://googlechromelabs.github.io:443 (30 SECONDS)
01:51:24.660 [main] DEBUG org.apache.hc.client5.http.impl.io.DefaultHttpClientConnectionOperator -- googlechromelabs.github.io resolving remote address
01:51:24.680 [main] DEBUG org.apache.hc.client5.http.impl.io.DefaultHttpClientConnectionOperator -- googlechromelabs.github.io resolved to [googlechromelabs.github.io/185.199.111.153, googlechromelabs.github.io/185.199.109.153, googlechromelabs.github.io/185.199.110.153, googlechromelabs.github.io/185.199.108.153, googlechromelabs.github.io/2606:50c0:8001:0:0:0:0:153, googlechromelabs.github.io/2606:50c0:8003:0:0:0:0:153, googlechromelabs.github.io/2606:50c0:8002:0:0:0:0:153, googlechromelabs.github.io/2606:50c0:8000:0:0:0:0:153]
01:51:24.680 [main] DEBUG org.apache.hc.client5.http.impl.io.DefaultHttpClientConnectionOperator -- googlechromelabs.github.io:443 connecting null->googlechromelabs.github.io/185.199.111.153:443 (30 SECONDS)
01:51:24.682 [main] DEBUG org.apache.hc.client5.http.ssl.SSLConnectionSocketFactory -- Connecting socket to googlechromelabs.github.io/185.199.111.153:443 with timeout 30 SECONDS
01:51:24.711 [main] DEBUG org.apache.hc.client5.http.ssl.SSLConnectionSocketFactory -- Enabled protocols: [TLSv1.3, TLSv1.2]
01:51:24.712 [main] DEBUG org.apache.hc.client5.http.ssl.SSLConnectionSocketFactory -- Enabled cipher suites: [TLS_AES_256_GCM_SHA384, TLS_AES_128_GCM_SHA256, TLS_CHACHA20_POLY1305_SHA256, TLS_ECDHE_ECDSA_WITH_AES_256_GCM_SHA384, TLS_ECDHE_ECDSA_WITH_AES_128_GCM_SHA256, TLS_ECDHE_ECDSA_WITH_CHACHA20_POLY1305_SHA256, TLS_ECDHE_RSA_WITH_AES_256_GCM_SHA384, TLS_ECDHE_RSA_WITH_CHACHA20_POLY1305_SHA256, TLS_ECDHE_RSA_WITH_AES_128_GCM_SHA256, TLS_DHE_RSA_WITH_AES_256_GCM_SHA384, TLS_DHE_RSA_WITH_CHACHA20_POLY1305_SHA256, TLS_DHE_DSS_WITH_AES_256_GCM_SHA384, TLS_DHE_RSA_WITH_AES_128_GCM_SHA256, TLS_DHE_DSS_WITH_AES_128_GCM_SHA256, TLS_ECDHE_ECDSA_WITH_AES_256_CBC_SHA384, TLS_ECDHE_RSA_WITH_AES_256_CBC_SHA384, TLS_ECDHE_ECDSA_WITH_AES_128_CBC_SHA256, TLS_ECDHE_RSA_WITH_AES_128_CBC_SHA256, TLS_DHE_RSA_WITH_AES_256_CBC_SHA256, TLS_DHE_DSS_WITH_AES_256_CBC_SHA256, TLS_DHE_RSA_WITH_AES_128_CBC_SHA256, TLS_DHE_DSS_WITH_AES_128_CBC_SHA256, TLS_ECDHE_ECDSA_WITH_AES_256_CBC_SHA, TLS_ECDHE_RSA_WITH_AES_256_CBC_SHA, TLS_ECDHE_ECDSA_WITH_AES_128_CBC_SHA, TLS_ECDHE_RSA_WITH_AES_128_CBC_SHA, TLS_DHE_RSA_WITH_AES_256_CBC_SHA, TLS_DHE_DSS_WITH_AES_256_CBC_SHA, TLS_DHE_RSA_WITH_AES_128_CBC_SHA, TLS_DHE_DSS_WITH_AES_128_CBC_SHA, TLS_RSA_WITH_AES_256_GCM_SHA384, TLS_RSA_WITH_AES_128_GCM_SHA256, TLS_RSA_WITH_AES_256_CBC_SHA256, TLS_RSA_WITH_AES_128_CBC_SHA256, TLS_RSA_WITH_AES_256_CBC_SHA, TLS_RSA_WITH_AES_128_CBC_SHA, TLS_EMPTY_RENEGOTIATION_INFO_SCSV]
01:51:24.712 [main] DEBUG org.apache.hc.client5.http.ssl.SSLConnectionSocketFactory -- Starting handshake (null)
01:51:24.751 [main] DEBUG org.apache.hc.client5.http.ssl.SSLConnectionSocketFactory -- Secure session established
01:51:24.751 [main] DEBUG org.apache.hc.client5.http.ssl.SSLConnectionSocketFactory --  negotiated protocol: TLSv1.3
01:51:24.751 [main] DEBUG org.apache.hc.client5.http.ssl.SSLConnectionSocketFactory --  negotiated cipher suite: TLS_AES_128_GCM_SHA256
01:51:24.751 [main] DEBUG org.apache.hc.client5.http.ssl.SSLConnectionSocketFactory --  peer principal: CN=*.github.io, O="GitHub, Inc.", L=San Francisco, ST=California, C=US
01:51:24.752 [main] DEBUG org.apache.hc.client5.http.ssl.SSLConnectionSocketFactory --  peer alternative names: [*.github.io, github.io, githubusercontent.com, www.github.com, *.github.com, *.githubusercontent.com, github.com]
01:51:24.752 [main] DEBUG org.apache.hc.client5.http.ssl.SSLConnectionSocketFactory --  issuer principal: CN=DigiCert Global G2 TLS RSA SHA256 2020 CA1, O=DigiCert Inc, C=US
01:51:24.752 [main] DEBUG org.apache.hc.client5.http.impl.io.DefaultManagedHttpClientConnection -- http-outgoing-1 set socket timeout to 3 MINUTES
01:51:24.752 [main] DEBUG org.apache.hc.client5.http.impl.io.DefaultHttpClientConnectionOperator -- googlechromelabs.github.io:443 connected null->googlechromelabs.github.io/185.199.111.153:443 as http-outgoing-1
01:51:24.752 [main] DEBUG org.apache.hc.client5.http.impl.io.PoolingHttpClientConnectionManager -- ep-0000000002 connected http-outgoing-1
01:51:24.752 [main] DEBUG org.apache.hc.client5.http.impl.classic.InternalHttpClient -- ep-0000000002 endpoint connected
01:51:24.752 [main] DEBUG org.apache.hc.client5.http.impl.classic.MainClientExec -- ex-0000000002 executing GET /chrome-for-testing/known-good-versions-with-downloads.json HTTP/1.1
01:51:24.752 [main] DEBUG org.apache.hc.client5.http.protocol.RequestAddCookies -- ex-0000000002 Cookie spec selected: strict
01:51:24.752 [main] DEBUG org.apache.hc.client5.http.impl.classic.InternalHttpClient -- ep-0000000002 start execution ex-0000000002
01:51:24.752 [main] DEBUG org.apache.hc.client5.http.impl.io.PoolingHttpClientConnectionManager -- ep-0000000002 executing exchange ex-0000000002 over http-outgoing-1
01:51:24.753 [main] DEBUG org.apache.hc.client5.http.headers -- http-outgoing-1 >> GET /chrome-for-testing/known-good-versions-with-downloads.json HTTP/1.1
01:51:24.753 [main] DEBUG org.apache.hc.client5.http.headers -- http-outgoing-1 >> user-agent: Apache-HttpClient/5.0
01:51:24.753 [main] DEBUG org.apache.hc.client5.http.headers -- http-outgoing-1 >> accept-encoding: gzip, deflate, br
01:51:24.753 [main] DEBUG org.apache.hc.client5.http.headers -- http-outgoing-1 >> cache-control: max-age=0
01:51:24.753 [main] DEBUG org.apache.hc.client5.http.headers -- http-outgoing-1 >> connection: keep-alive
01:51:24.753 [main] DEBUG org.apache.hc.client5.http.headers -- http-outgoing-1 >> Host: googlechromelabs.github.io
01:51:24.753 [main] DEBUG org.apache.hc.client5.http.wire -- http-outgoing-1 >> "GET /chrome-for-testing/known-good-versions-with-downloads.json HTTP/1.1[\r][\n]"
01:51:24.753 [main] DEBUG org.apache.hc.client5.http.wire -- http-outgoing-1 >> "user-agent: Apache-HttpClient/5.0[\r][\n]"
01:51:24.753 [main] DEBUG org.apache.hc.client5.http.wire -- http-outgoing-1 >> "accept-encoding: gzip, deflate, br[\r][\n]"
01:51:24.753 [main] DEBUG org.apache.hc.client5.http.wire -- http-outgoing-1 >> "cache-control: max-age=0[\r][\n]"
01:51:24.753 [main] DEBUG org.apache.hc.client5.http.wire -- http-outgoing-1 >> "connection: keep-alive[\r][\n]"
01:51:24.753 [main] DEBUG org.apache.hc.client5.http.wire -- http-outgoing-1 >> "Host: googlechromelabs.github.io[\r][\n]"
01:51:24.753 [main] DEBUG org.apache.hc.client5.http.wire -- http-outgoing-1 >> "[\r][\n]"
01:51:24.781 [main] DEBUG org.apache.hc.client5.http.wire -- http-outgoing-1 << "HTTP/1.1 200 OK[\r][\n]"
01:51:24.781 [main] DEBUG org.apache.hc.client5.http.wire -- http-outgoing-1 << "Connection: keep-alive[\r][\n]"
01:51:24.781 [main] DEBUG org.apache.hc.client5.http.wire -- http-outgoing-1 << "Content-Length: 81291[\r][\n]"
01:51:24.781 [main] DEBUG org.apache.hc.client5.http.wire -- http-outgoing-1 << "Server: GitHub.com[\r][\n]"
01:51:24.781 [main] DEBUG org.apache.hc.client5.http.wire -- http-outgoing-1 << "Content-Type: application/json; charset=utf-8[\r][\n]"
01:51:24.781 [main] DEBUG org.apache.hc.client5.http.wire -- http-outgoing-1 << "permissions-policy: interest-cohort=()[\r][\n]"
01:51:24.781 [main] DEBUG org.apache.hc.client5.http.wire -- http-outgoing-1 << "x-origin-cache: HIT[\r][\n]"
01:51:24.781 [main] DEBUG org.apache.hc.client5.http.wire -- http-outgoing-1 << "Last-Modified: Tue, 04 Mar 2025 20:10:05 GMT[\r][\n]"
01:51:24.781 [main] DEBUG org.apache.hc.client5.http.wire -- http-outgoing-1 << "Access-Control-Allow-Origin: *[\r][\n]"
01:51:24.781 [main] DEBUG org.apache.hc.client5.http.wire -- http-outgoing-1 << "Strict-Transport-Security: max-age=31556952[\r][\n]"
01:51:24.781 [main] DEBUG org.apache.hc.client5.http.wire -- http-outgoing-1 << "ETag: W/"67c75e1d-270b53"[\r][\n]"
01:51:24.781 [main] DEBUG org.apache.hc.client5.http.wire -- http-outgoing-1 << "expires: Tue, 04 Mar 2025 20:22:53 GMT[\r][\n]"
01:51:24.781 [main] DEBUG org.apache.hc.client5.http.wire -- http-outgoing-1 << "Cache-Control: max-age=600[\r][\n]"
01:51:24.781 [main] DEBUG org.apache.hc.client5.http.wire -- http-outgoing-1 << "Content-Encoding: gzip[\r][\n]"
01:51:24.781 [main] DEBUG org.apache.hc.client5.http.wire -- http-outgoing-1 << "x-proxy-cache: HIT[\r][\n]"
01:51:24.782 [main] DEBUG org.apache.hc.client5.http.wire -- http-outgoing-1 << "X-GitHub-Request-Id: B28B:3BE058:706A5:7F9B0:67C75ED5[\r][\n]"
01:51:24.782 [main] DEBUG org.apache.hc.client5.http.wire -- http-outgoing-1 << "Accept-Ranges: bytes[\r][\n]"
01:51:24.782 [main] DEBUG org.apache.hc.client5.http.wire -- http-outgoing-1 << "Date: Tue, 04 Mar 2025 20:21:04 GMT[\r][\n]"
01:51:24.782 [main] DEBUG org.apache.hc.client5.http.wire -- http-outgoing-1 << "Via: 1.1 varnish[\r][\n]"
01:51:24.782 [main] DEBUG org.apache.hc.client5.http.wire -- http-outgoing-1 << "Age: 438[\r][\n]"
01:51:24.782 [main] DEBUG org.apache.hc.client5.http.wire -- http-outgoing-1 << "X-Served-By: cache-hyd1100034-HYD[\r][\n]"
01:51:24.782 [main] DEBUG org.apache.hc.client5.http.wire -- http-outgoing-1 << "X-Cache: HIT[\r][\n]"
01:51:24.782 [main] DEBUG org.apache.hc.client5.http.wire -- http-outgoing-1 << "X-Cache-Hits: 12[\r][\n]"
01:51:24.782 [main] DEBUG org.apache.hc.client5.http.wire -- http-outgoing-1 << "X-Timer: S1741119665.576772,VS0,VE0[\r][\n]"
01:51:24.782 [main] DEBUG org.apache.hc.client5.http.wire -- http-outgoing-1 << "Vary: Accept-Encoding[\r][\n]"
01:51:24.782 [main] DEBUG org.apache.hc.client5.http.wire -- http-outgoing-1 << "X-Fastly-Request-ID: 744f52510a8cba527fd834ae0d5c6406c6782036[\r][\n]"
01:51:24.782 [main] DEBUG org.apache.hc.client5.http.wire -- http-outgoing-1 << "[\r][\n]"
01:51:24.782 [main] DEBUG org.apache.hc.client5.http.headers -- http-outgoing-1 << HTTP/1.1 200 OK
01:51:24.782 [main] DEBUG org.apache.hc.client5.http.headers -- http-outgoing-1 << Connection: keep-alive
01:51:24.782 [main] DEBUG org.apache.hc.client5.http.headers -- http-outgoing-1 << Content-Length: 81291
01:51:24.782 [main] DEBUG org.apache.hc.client5.http.headers -- http-outgoing-1 << Server: GitHub.com
01:51:24.782 [main] DEBUG org.apache.hc.client5.http.headers -- http-outgoing-1 << Content-Type: application/json; charset=utf-8
01:51:24.782 [main] DEBUG org.apache.hc.client5.http.headers -- http-outgoing-1 << permissions-policy: interest-cohort=()
01:51:24.783 [main] DEBUG org.apache.hc.client5.http.headers -- http-outgoing-1 << x-origin-cache: HIT
01:51:24.783 [main] DEBUG org.apache.hc.client5.http.headers -- http-outgoing-1 << Last-Modified: Tue, 04 Mar 2025 20:10:05 GMT
01:51:24.783 [main] DEBUG org.apache.hc.client5.http.headers -- http-outgoing-1 << Access-Control-Allow-Origin: *
01:51:24.783 [main] DEBUG org.apache.hc.client5.http.headers -- http-outgoing-1 << Strict-Transport-Security: max-age=31556952
01:51:24.783 [main] DEBUG org.apache.hc.client5.http.headers -- http-outgoing-1 << ETag: W/"67c75e1d-270b53"
01:51:24.783 [main] DEBUG org.apache.hc.client5.http.headers -- http-outgoing-1 << expires: Tue, 04 Mar 2025 20:22:53 GMT
01:51:24.783 [main] DEBUG org.apache.hc.client5.http.headers -- http-outgoing-1 << Cache-Control: max-age=600
01:51:24.783 [main] DEBUG org.apache.hc.client5.http.headers -- http-outgoing-1 << Content-Encoding: gzip
01:51:24.783 [main] DEBUG org.apache.hc.client5.http.headers -- http-outgoing-1 << x-proxy-cache: HIT
01:51:24.783 [main] DEBUG org.apache.hc.client5.http.headers -- http-outgoing-1 << X-GitHub-Request-Id: B28B:3BE058:706A5:7F9B0:67C75ED5
01:51:24.783 [main] DEBUG org.apache.hc.client5.http.headers -- http-outgoing-1 << Accept-Ranges: bytes
01:51:24.783 [main] DEBUG org.apache.hc.client5.http.headers -- http-outgoing-1 << Date: Tue, 04 Mar 2025 20:21:04 GMT
01:51:24.783 [main] DEBUG org.apache.hc.client5.http.headers -- http-outgoing-1 << Via: 1.1 varnish
01:51:24.783 [main] DEBUG org.apache.hc.client5.http.headers -- http-outgoing-1 << Age: 438
01:51:24.783 [main] DEBUG org.apache.hc.client5.http.headers -- http-outgoing-1 << X-Served-By: cache-hyd1100034-HYD
01:51:24.783 [main] DEBUG org.apache.hc.client5.http.headers -- http-outgoing-1 << X-Cache: HIT
01:51:24.783 [main] DEBUG org.apache.hc.client5.http.headers -- http-outgoing-1 << X-Cache-Hits: 12
01:51:24.783 [main] DEBUG org.apache.hc.client5.http.headers -- http-outgoing-1 << X-Timer: S1741119665.576772,VS0,VE0
01:51:24.783 [main] DEBUG org.apache.hc.client5.http.headers -- http-outgoing-1 << Vary: Accept-Encoding
01:51:24.783 [main] DEBUG org.apache.hc.client5.http.headers -- http-outgoing-1 << X-Fastly-Request-ID: 744f52510a8cba527fd834ae0d5c6406c6782036
01:51:24.783 [main] DEBUG org.apache.hc.client5.http.impl.classic.MainClientExec -- ex-0000000002 connection can be kept alive for 3 MINUTES
01:51:24.789 [main] DEBUG org.apache.hc.client5.http.wire -- http-outgoing-1 << "[0x1f][0xffffff8b][0x8][0x0][0x0][0x0][0x0][0x0][0x0][0x3][0xffffffcc][0xffffffbd][0xffffffdd][0xffffff8e],Iv^[0xfffffff9].}[0xffffffad].[0xffffff86][0xffffffdb][0xffffff9f][0xffffff9b][0xfffffff1]9t5[0xffffff83][0xffffffb9][0xffffffe8]!{[0xffffffc8][0x6][0xffffff9a]l[0xffffffa2][0xffffff9b][0xffffff92][0x6]#[0xffffffe8][0xffffffdd]'22[0xffffffcf][0xffffffc9],[0xffffffdb]_[0x1c]U[0xfffffff8]i[0xffffffec][0xfffffff5]A[0x10][0x4][0xffffff8a][0xffffff9d][0xffffffe5]Fbaa[0xffffff95][0xffffff87][0xffffffed][0xffffffed][0xffffffff][0xfffffff3]w[0xffffffff][0xfffffff9][0xffffffa7][0x7f][0xfffffffb][0xffffffe3][0xffffffdf][0xfffffffe][0xfffffff3][0xf][0xffffffff][0xfffffff6][0x1f][0xffffffbf][0xfffffffb][0xffffffc7][0xffffffdf][0xffffff95][[0xffffffe9][0xffffffbf][0xffffffbf][0xffffffd5][0xffffffdf][0xffffffdf][0xffffffda][0x7f][0xffffffbd][0xffffffdd][0xfffffffe][0xffffffb1][0xffffff96][0x7f][0xffffffbc][0xffffff9d][0xffffffbf][0xffffffd4]y[0xfffffffb]?~[0xfffffff7]_~[0xfffffff7][0xffffffdf][0xffffffff][0xfffffff8][0xffffffd7][0xffffffbf][0xfffffffd][0xffffffe9]/[0xffffffff][0xfffffffe][0xffffffb7][0xffffffdf][0xfffffffd][0xffffffe3][0xffffffff][0xfffffff9]?[0xffffffbf][0xfffffffd][0x17][0xfffffff7][0xffffffbf]8[0xffffff8e][0xfffffffa][0xffffffcb][0xffffffed][0xffffff97]>[0xffffffce][0xfffffff2][0xffffffcb][0xffffffed][0xfffffffe][0xffffff9f][0xfffffffa][0xffffffeb][0x1f][0xffffffff][0xfffffffb][0xffffff9f][0xffffffbe][0xffffffff]w[0xffffffca][0xffffffd1]z[0xffffffbf][0xffffffff][0x7f][0xfffffffe][0xfffffff3]_[0xfffffffe][0xffffffc7][0xffffffbf][0xffffffff][0xfffffff9]/[0x7f][0xfffffff8][0xffffffe7][0xfffffffb][0xffffffdf][0xfffffffe][0xffffffcf][0xffffffdf][0xfffffffd][0xffffffd3][0xffffffbf][0xfffffffe][0xfffffff5]/[0xffffffff][0xfffffff6][0xffffffc7][0xffffffc7]?[0xffffffe5]?[0xfffffffe][0xfffffffc][0xffffff87][0xffffffff][0xfffffffc][0x7f][0xfffffffe][0xfffffff2][0xffffffd7][0x7f][0xffffffbb][0xffffffff][0xffffff87][0xffffffff][0xfffffffc][0xffffffa7][0x7f][0xffffffff]o[0xffffffff][0xffffffef]h[0xfffffff7][0xffffffff][0xfffffff0][0x7f][0xfffffffb][0xffffffeb][0xffffff9f][0xffffffef][0xffffffff][0xfffffff5][0xffffffbf][0xfffffffe][0xffffffe7][0x7f][0xfffffffe][0xffffffc7][0xffffffdf][0xfffffffe][0xfffffff1][0x1f][0xfffffffe][0xffffffe1]o[0xffffffff][0xfffffff9][0xffffff97][0xffffffbf][0xfffffffe][0xffffffe1]_[0xfffffffe][0xfffffff8][0xffffffcb][0xffffffbf][0xfffffffc][0xffffffe5]/[0xffffffff][0xfffffff2][0xffffffe7]?[0xfffffffe][0xffffffe1]?[0xfffffffe][0xfffffff4][0xffffffb7]_[0xfffffffe][0xffffffe9]/[0xffffffff][0xfffffff6][0xf][0xffffffef][0xffffffff][0xffffff90][0xffffffdf][0xffffffdf][0xffffffff][0xfffffff8][0xfffffff7][0xffffffff]y?[0xfffffffc][0xffffff9f][0xfffffffe][0xfffffffd]_~[0xffffffff][0x1f][0xffffffff][0xffffffed][0xffffffff][0xfffffffe][0xfffffff3][0xffffff9f][0xfffffffe][0xffffffe9][0x1f][0xffffffbe][0xffffff9e][0xffffffe7][0x1f]>[0xfffffffe][0xffffffa9][0xffffffdf][0xfffffffe][0xffffffe3][0x1f][0xffffffff][0xffffffe5]/[0xffffffff][0xffffffdf][0xffffff9f][0xfffffffe][0xffffffe3]w[0xffffffff][0xffffffeb][0xffffffbf][0xfffffffc][0xffffffea][0xfffffff9][0xffffffff][0xfffffff6][0xffffff87][0x7f][0xfffffffa][0xfffffffd][0x1f][0xfffffffe][0xfffffffa]o[0x7f][0xfffffff7][0x13]|[0xffffffff][0xffffffe7]~[0xfffffffb][0xffffff83][0xffffffef][0xffffffff][0x1f][0xffffffcf]N[0xfffffff1][0xfffffff7][0xffffffff][0xffffffdf][0xffffffc2][0xffffffc7]?[0xfffffff5][0xffffffeb][0x9][0xffffff9e][0xfffffffc]o[0xffffffe1][0x7f][0xfffffffc][0xffffffe9][0xffffffdf]k[0xfffffff9];?[0xfffffffd][0xfffffff1][0xffffffcf][0xfffffffc][0xfffffff6][0x1f]~[0xfffffffc][0x17]O[0xffffff9e][0xfffffffc]w[0xffffffff][0xffffff9f][0xfffffffb][0xfffffff1][0xffffffcf][0xfffffffc][0xfffffff2][0xffffffe4]o[0xffffffff]3[0xffffffff]_[0xffffffff][0xffffffeb][0xffffffed][0xffffffe1][0x12][0xffffffe1][0xffffffda][0xffffffcd][0x18][0xffffffae][0x1d][0xffffff87][0xfffffff8]~[0x4][0xffffff9e][0xffffffe2][0xffffff8f]CP[0x18][0xffffffdf][0x1f]Oq[0xfffffffc][0xfffffffe][0xffffffe8]WA[0x1e][0xffffffd5][0xc][0xffffffe4]Qq[0xffffff90][0xffffffef]G[0xffffffe0]A[0xfffffffe]8[0x4][0x5][0xfffffff2][0xfffffffd][0xfffffff1][0x14][0xffffffc8][0xffffffef][0xffffff8f][0xfffffffe][0xffffff8d] [0xffffffb7][0xffffffc7]_[0xffffffad]![0xffffffa2]b[0xffffff94][0xffffffb1][0xffffffd2]9[0xfffffffe]<[0xf][0xffffff85][0xfffffff1][0xffffff97][0x13]`[0x14]ogH[0xffffff86][0xfffffff8][0xffffffcb][0xffffffd3][0xffffff93][0x19][0xfffffffe][0xfffffff5][0xffffff93]_A[0xfffffff8][0xffffffbc]M[0xffffff81][0xfffffff0][0xffffffac][0xfffffffd]`[0x10]~[0xffffff9c][0x7]E[0xfffffff8][0xfffffffd][0x4],[0xffffffc2][0xffffff9f]g [0x10]~[0x7f]:[0xffffff81][0xfffffff0][0xfffffff7]'[0xffffffbf][0xffffff86][0xfffffff0]R[0x8][0xfffffff7][0xffffffd6]([0xffffff84][0x17][0xffffff8e][0xfffffff0]2@x[0xffffffa1][0x8]/[0xc][0xffffffe1]u[0x1][0xffffffe1][0xffffffe3][0xffffffa6][0x10][0xffffff9e]uB[0x8][0xffffffbf][0xffffff9d][0xffffff87]E[0xfffffff8]q[0x2][0x18][0xffffffe1][0xffffffef]g@[0x10]~<[0x1d]A[0xfffffff8][0xffffffdb][0xffffff93]_C[0xfffffff8][0xfffffff8]%[0xfffffffe];[0xffffffdd]:[0xffffffc6][0xffffff8d]B[0xfffffff8]~[0x1e][0x18][0xffffffe1][0xffffffb7][0x13][0xffffffd0][0x8][0x7f];[0x3][0xffffff83][0xfffffff0][0xffffffdb][0xffffffd3][0x19][0xffffff84]?[0xffffff9e][0xfffffffc][0x1a][0xffffffc2]UXx[0xffffff9d][0xffffff83][\n]"
01:51:24.790 [main] DEBUG org.apache.hc.client5.http.wire -- http-outgoing-1 << "[0xffffff89][0xffffffb7][0xfffffff3][0xffffffc0][0x8]W[0x3][0xb]W[0xffffffd4][0xffffffc2][0x15][0xffffffb3]p[0xffffffbd]b[0xffffffe1][0x1e][0x11][0xffffffae][0xffffffb7]:+[0xffffff85]p[0xffffffc7][0x11][0xffffffee][0x6][0x8]w[0x14][0xffffffe1][0xffffff8e]![0xffffffdc][0xffffffaf] ,[0xffffffde]H[0xffffffd4][0xffffffa3][0x0]/[0xffffff87]?[0xffffffcf][0x3]#l[0xfffffff0]F[0xffffffe2]@[0xffffffdf]H[0x1c][0xffffffd8][0x1b][0xffffff89][0xffffffe3][0xffffffca][0x1b][0xffffff89]r[0xfffffffb][0xffffffa5]E[0xffffff84][0xffffffe7]m@[0x8][0xffffffbf][0xffffff9d][0xffffff87]E[0xfffffff8]q[0x2][0x18][0xffffffe1][0xffffffef]g@[0x10]~<[0x1d]A[0xfffffff8][0xffffffdb][0xffffff93]_CX[0xffffffdc][0xffffff97][0xffffffa8][0xffffffa5]q[0x8][0xffffff83][0xfffffff7]%[0xffffffbe][0xffffff9c][0xffffff80]F[0x18][0xffffffba]/[0xfffffff1][0xffffffe5][0xffffffe9][0xc][0xffffffc2][0xffffffaf][0xffffffdd][0xffffff97][0xfffffff8][0xfffffff8][0xffffffa3]&[0x10][0xffffffae][0xffffffb7][0xffffff83]z#[0xfffffff1]v[0x1e][0x18][0xffffffe1]f[0xffffff80]pC[0x11]n[0x18][0xffffffc2][0xffffffed][\n]"
01:51:24.790 [main] DEBUG org.apache.hc.client5.http.wire -- http-outgoing-1 << "[0xffffffc2][0xffffffaa][0xffffff85][9[0xffffffa8]_[0xffffffe7][\n]"
01:51:24.790 [main] DEBUG org.apache.hc.client5.http.wire -- http-outgoing-1 << "[0xffffffde][0xffffffc2][0xffffffc5][0xffffffa0][0xffffff85][0xb][0xffffffda][0xffffffc2][0x5]k[0xffffffe1]r[0xffffffa5][0xffffff85][0xffffffab][\n]"
01:51:24.790 [main] DEBUG org.apache.hc.client5.http.wire -- http-outgoing-1 << "[0xffffff89][0xffffffd6]V[0xffffff81][0x10][0xffffffae]xHT[0xffffff83][0xffffff90][0xffffffa8]hHT,$[0xffffffea][0xffffff95][0xffffff90][0xffffffa8][0xffffffe2][0xffffffbd]pm[0xfffffff3][0xffffffa4][0xffffffde]HT[0xfffffffc][0xffffffbd]p5x/\[0xffffffd1][0xfffffff7][0xffffffc2][0x15]{/\[0xffffffaf][0xffffffbc][0x17][0xffffffae][0xffffffaa][0xffffff85][0xfffffffb]q[0xffffffc3][0x10][0xffffffc6][[0xffffffb8][0x1a][0xffffffb4][0xfffffff0][0xfffffff7]30[0x8]c-[0xfffffffc][0xffffffed][0xffffffc9][0xffffffaf]![0xffffffac]~[0xffffffda][0xffffffe8][0xfffffffd][0xffffffa4][0xfffffffe]u[0xffffffae][0xffffffe2]?mT[0xffffff83][0xffffff9f]6*[0xfffffffa][0xffffffd3]F[0xffffffc5]~[0xffffffda][0xffffffa8]W~[0xffffffda][0xffffffb8][0xffffffff]Q1C[0xffffffb8][0xffffffe0][0x8][0x17][0x3][0xffffff84][0xb][0xffffff8a]p[0xffffffc1][0x10].W[0x10][0xe][0xffffffd7]|`[0xffffff84][0xffffffe1]k>[0xffffff8f][0x13][0xfffffff0][0x8][0xffffff83][0xffffffd7]|[0x1e]O[0xffffffa7][0x10]~[0xfffffffd][0xffffff9a][0xffffffcf][0xfffffffd][0xffffff8f][0xffffff86][0x19][0xffffffc2][0x3]Gx[0x18] <P[0xffffff84][0x7][0xffffff86][0xfffffff0][0xffffffb8][0xffffff82][0xfffffff0][0xffffffe1][0xffffffc6][0xfffffff0][0xffffffc1]C|8P|[0xffffffb0][0x18][0x1f][0x1c][0xffffffc7][0xffffffc7]%[0xffffff90][0xffffff8b][0x1b][0xffffffc8][0xffffff85][0x7][0xffffffb9]8[0xffffff80]\X[0xffffff90][0xb][0x7]r[0xffffffb9][0x4]r[0x1c][0xffffffce][0xffffff87]A[0xffffffe6][0xffffff86][0xfffffff3][0xffffffbf][0x1e][0xffffff81][0x7][0xffffff99][0x19][0xffffffce][0xffffffff][0xfffffffa]x[\n]"
01:51:24.790 [main] DEBUG org.apache.hc.client5.http.wire -- http-outgoing-1 << "[0xffffffe4][0xffffff97][0xffffff86][0xfffffff3][0xffffffbf][0xffffffff]Us[0x3][0xffffffb9][0xfffffff1] 7[0x7][0xffffff90][0x1b][0xb]r[0xffffffe3]@n[0xffffff97]@^n/[0xffffff8c][0x17][0xffffffff][0xffffffc6][0xfffffff8]~[0x4][0x1e][0xffffffe4][0xffffff8f]CP /[0xffffffee][0xffffffa5][0xfffffff1][0xffffffba][0xfffffff4][0xffffffd6][0xfffffff8][0xffffffa8]n/[0xffffffdd][0xffffffee]'[0xffffffc2]Q~;[0x3][0xffffffcf][0xfffffff2][0xffffffb7]SP0[0xffffffbf]=[0xffffff9f][0xffffffa2][0xfffffff9][0xffffffe3][0xffffffd9][0xffffffbf][0x11][0xffffffe7][0xfffffffe][0xfffffffe]gb\[0xffffffbf][0xffffff9e][0xffffffb7][0xffffff91][0x7f]![0xffffffe8][0xfffffff3]<[0x14][0xffffffca]_N[0xffffff80][0xffffff81][0xffffffbc][0xffffff9d]![0x19][0xffffffe3]/OO[0xffffff86][0xfffffff8][0xffffffd7]O~[0x9][0xffffffe1]&[0xffffffc6][0xfffffff5][0xffffffeb]Yg[0xfffffffe][0xffffffb5][0xffffffcc][0xffffffcf][0xfffffff3][0xffffffb0][0x8]7t\[0x7f];[0x3][0xffffff82]p[0x3][0xffffffc6][0xfffffff5][0x7f][0xfffffffd][0xffffffe4][0xffffffd7][0x10]>[0x14][0xffffffc2][0xffffffbd][0xffffffe5]'[0xffffffc5][0xffffffe7]y`[0xffffff84][0xf][0x3][0xffffff84][0xf][0x14][0xffffffe1][0x3]C[0xfffffff8][0xffffffb8][0xffffff82][0xffffffb0][0xffffffba]Y|[0xfffffff6]uR[0x8][0xffffff83]7[0xffffff8b][0xffffffbf][0xffffff9c][0xffffff80]F[0x18][0xffffffba]Y[0xfffffffc][0xffffffe5][0xffffffe9][0xc][0xffffffc2][0xffffffaf][0xffffffdd],[0xfffffffe][0xfffffff8]#u[0xffffffb3][0xfffffff8][0x1c]-[0x7f][0xffffff81][0xffffffe0][0xffffffe7]y`[0xffffff84][0xffffffd1][0xffffff9b][0xffffffc5][0xffffffdb][0x19][0x18][0xffffff84][0xffffff81][0xffffff9b][0xffffffc5][0xffffffbf]~[0xfffffff2]k[0x8]7[0xffffff89][0xfffffff0][0xffffffca][0xffffffdf]8[0xfffffff1]y[0x1e][0x18][0xffffffe1]f[0xffffff80]pC[0x11]n[0x18][0xffffffc2][0xffffffed][\n]"
01:51:24.790 [main] DEBUG org.apache.hc.client5.http.wire -- http-outgoing-1 << "[0xffffffc2][0xffffffa7]@x[0xffffff96][0xffffff82][0xffffff85][0xffffffc4][0xffffff89]#|[0x1a] |[0xffffffa2][0x8][0xffffff9f][0x18][0xffffffc2][0xffffffe7][0x15][0xffffff84][0xffffffd5]K[0xffffffb5]9;fa[0xfffffffc][0xffffffa5]Z3x[0xffffffa9][0xffffffd6][0xffffffd0][0xffffff97]j[\r]{[0xffffffa9][0xffffffd6][0xffffffae][0xffffffbc]T[0xffffffeb][0xffffffea][0xffffffa5][0xffffffda]*[0x7][0xffffff85]p[0xffffffc7]_[0xffffffaa]u[0xffffff83][0xffffff97]j[0x1d]}[0xffffffa9][0xffffffd6][0xffffffb1][0xffffff97]j[0xfffffffd][0xffffffca]K[0xffffffb5][0xffffffae]^[0xffffffaa][0xffffffad]V[0xffffffa8][0xffffff97]j[0x1d][0x7f][0xffffffa9][0xffffffd6][\r]^[0xffffffaa]u[0xfffffff4][0xffffffa5]Z[0xffffffc7]^[0xffffffaa][0xfffffff5]+/[0xffffffd5][0xffffffee][0x7f][0x14]G[0xffffff94]X[0xffffff84][0xffffffb1][0x11][0xffffffa5]/'[0xffffffe0][0x11]FF[0xffffff94][0xffffffbe]<[0xffffff9d]B[0xfffffff8][0xffffff95][0x11][0xffffffa5][0xffffff8f]?*[\n]"
01:51:24.790 [main] DEBUG org.apache.hc.client5.http.wire -- http-outgoing-1 << "[0xffffffe1]{WS[0x8][0x17][0x1c][0xffffffe1]b[0xffffff80]pA[0x11].[0x18][0xffffffc2][0xffffffe5][\n]"
01:51:24.790 [main] DEBUG org.apache.hc.client5.http.wire -- http-outgoing-1 << "[0xffffffc2][0xffffffe2][0xffffffbd]p[0xffffffbb][0xffffffdd]J[0xfffffffe][0xfffffff6][0xffffffb5][0xffffffcf][0xfffffff3][0xffffffc0][0x8][0x1b][0xffffffbc][0x17][0xffffffee][0xffffffe8]{[0xffffffe1][0xffffff8e][0xffffffbd][0x17][0xffffffee]W[0xffffffde][0xb][0xfffffff7][0xffffffae][0x10][0xffffffee][0xffffffc0][0xffffffc6][0xffffff89][0xffffffcf][0xfffffff3][0xffffffc0][0x8]w[0x3][0xffffff84];[0xffffff8a]p[0xffffffc7][0x10][0xffffffee]W[0x10][0x16][0xffffff9f][0xfffffff7][0xffffffba]#[0xffffff8c][0xffffffdd]T[0xffffffeb][0xffffffe0][0xffffffe7][0xffffffbd][0xffffffbe][0xffffff9c][0xffffff80]F[0x18][0xfffffffa][0xffffffbc][0xffffffd7][0xffffff97][0xffffffa7]3[0x8][0xffffffbf][0xfffffff6]y[0xffffffaf][0xffffff8f]?[0x12]?m[0xffffffb4][0xffffffdb][0xffffffe0],[0xffffff8c][0xffffffff][0xffffffb4][0xffffffd1][\r]~[0xffffffda][0xffffffe8][0xffffffe8]O[0x1b][0x1d][0xfffffffb]i[0xffffffa3]_[0xfffffff9]i[0xffffffa3][0xffffff8b][0x1d][0xffffff98]w[0xffffff84][0xffffff81][0xf][0xffffffcb]|[0xffffff9e][0x7]F[0x18][0xffffffdd][0xffffff81][0xffffffb9][0xffffff9d][0xffffff81]A[0x18][0xffffffd8][0xffffff81][0xfffffff9][0xffffffeb]'[0xffffffbf][0xffffff86][0xffffffb0][0xfffffff8]u[0xffffffae][0xffffffdd][0xffffffce][0xffffff93][0xffffffba]/[0xffffffdc][0xfffffff1]_[0xffffffe7][0xffffffba][0xffffffc1][0xffffffaf]s[0x1d][0xfffffffd]u[0xffffffae]c[0xffffffbf][0xffffffce][0xfffffff5]+[0xffffffbf][0xffffffce][\r][0xfffffff1][0xffffffd3]FC[0xffffffbe][0xffffffca][0xfffffff1]y[0x1e][0x16][0xffffffe1]a[0xfffffff0][0xffffffd3][0xffffffc6]@[0x7f][0xffffffda][0x18][0xffffffd8]O[0x1b][0xffffffe3][0xffffffca]O[0x1b]C[0xffffffdc][0x17]n[0xffffffc7][0xffffffa8][0xffffffd4]K[0xffffffb5][0xffffff81][0xffffffdf][0x17][0x1e][0x6][0xfffffff7][0xffffff85][0x7]z_x`[0xfffffff7][0xffffff85][0xffffffc7][0xffffff95][0xfffffffb][0xffffffc2][0xfffffff7]?jf[0x8]c[0x1f][0xffffff96][0xfffffff9]r[0x2][0x1e]a[0xffffffe4][0xffffffc3]2_[0xffffff9e]N![0xfffffffc][0xffffffca][0xffffff87]e>[0xfffffffe]H[0xfffffffd][0xffffffb4]q[0xffffffac]A[0xffffffb5][0xfffffff0][0xffffffc0][0x7f][0xffffffda][0x18][0x6]?m[0xc][0xfffffff4][0xffffffa7][0xffffff8d][0xffffff81][0xfffffffd][0xffffffb4]1~[0xfffffff8][0xffffffd3][0xffffffc6][0x7f][0xfffffff9][0xffffff80][0xfffffff0][0xffffff9f][0xffffffff][0xfffffffa][0xffffffa7];[0xffffffc8][0x4][0xffffff8a][0xffffffef]Ov[0x0][0xfffffff2][0xffffffe3]$8[0xffffff96]_[0xffffffce][0x1][0xffffffc1][0xfffffff9]q[0x2][0xc][0xffffffd1][0xffffffcf][0xffffffe7][0xffffffff]o][0xffffffdb][0xffffff85]k[0xffffffcb][0x0]>+[0xfffffffe]y[0x1e][0xffffffd8][0xffffffb5][0xffffffdd][0xffffffc0][0xffffffb5]=@[0xffffff9d][0xffffff89]s[0xffffffc7]\[0xffffffdb][0xffffff9d]\[0x1b]Qd\[0xffffffab][0xffffff80]d\[0x1b][0xffffffb1][0xffffffcc]w[0xffffffed][0xe]g[0xffffffb6]kwD_p[0xffffffad][0xfffffffa][0xffffffa5][0xffffffad][0x1e][0x13]s-[0xfffffffe]K[0xffffffdb]0[0xfffffff8][0xffffffa5]m[0xffffffa0][0xffffffbf][0xffffffb4][\r][0xffffffec][0xffffff97][0xffffffb6][0xfffffff1][0xffffffc3]_[0xffffffda][0xffffffb2]][0x1b]Qd\[0xffffffab][0xffffff80]d\[0x1b][0xffffffb1][0xffffffcc]w[0xffffffed][0xe]g[0xffffffb6]kwD_p[0xffffffad][0xfffffffa]I[0xffffffb8][0xfffffff6][0xffffff8a][0xfffffffd][0x18][0xffffff81][0xffffffff]$<[0xc]~[0x12][0x1e][0xffffffe8]O[0xffffffc2][0x3][0xfffffffb]Ix[0xfffffffc][0xfffffff0]'[0xffffffe1]l[0xffffffd7]F[0x14][0x19][0xffffffd7]* [0x19][0xffffffd7]F,[0xfffffff3]][0xffffffbb][0xffffffc3][0xffffff99][0xffffffed][0xffffffda][0x1d][0xffffffd1][0x17]\[0xffffffab][0xffffffee].[0xffffffd4][0xffffffd1][0xffffffa9][0x15]%[0x3][0xffffffbf][0xffffffbb]0[0xc][0xffffffee].[0xc][0xfffffff4][0xffffffee][0xffffffc2][0xffffffc0][0xffffffee].[0xffffff8c][0x1f][0xffffffde]][0xffffffc8]vmD[0xffffff91]q[0xffffffad][0x2][0xffffff92]qm[0xffffffc4]2[0xffffffdf][0xffffffb5];[0xffffff9c][0xffffffd9][0xffffffae][0xffffffdd][0x11][0xfffffffd][0xffffffed][0xffffffae]=[0xffffffc5][0x8]|[0xffffffab][0xffffffe7]AM[0xffffffae][0xffffff9d][0xfffffff8][0x8][0xfffffffc]i0[0x2][0x7f][0xffffffa2]#[0xfffffff0]'6[0x2][0x7f][0xfffffffe]p[0x4]>[0xffffffd9][0xffffffb5][0x2]E[0xffffffc4][0xffffffb5][0x12]H[0xffffffc4][0xffffffb5][0x2][0xffffffcb]t[0xffffffd7][0x6]8[0xffffff93]][0x1b][0x10]}[0xffffffc1][0xffffffb5][0xffffffea]Bc[0xffffffbd][0xffffff97]2[0xffffffe5]Z[0xfffffffc]B[0xffffffe3]ip[0xffffffa1][0xfffffff1]D/4[0xffffff9e][0xffffffd8][0xffffff85][0xffffffc6][0xfffffff3][0xffffff87][0x17][0x1a][0xffffffb3]][0x1b]Qd\[0xffffffab][0xffffff80]d\[0x1b][0xffffffb1][0xffffffcc]w[0xffffffed][0xe]g[0xffffffb6]kwD_p[0xffffffad][0xffffffba]y[[0xffffffe7]A][<[0xfffffff1][0xffffff9b][0xffffffb7][0xffffffa7][0xffffffc1][0xffffffcd][0xffffffdb][0x13][0xffffffbd]y{b7o[0xffffffcf][0x1f][0xffffffde][0xffffffbc][0xffffffcd]vmD[0xffffff91]q[0xffffffad][0x2][0xffffff92]qm[0xffffffc4]2[0xffffffdf][0xffffffb5];[0xffffff9c][0xffffffd9][0xffffffae][0xffffffdd][0x11]}[0xffffffc1][0xffffffb5][0xffffffea]~m][0xffffffc0][0xffffffb7][0xffffff82]>[0xffffffcf][0x3][0xffffffbb][0xffffffd6][0xffffffe0]~[0xffffffed][0x19]/2f[0xffffffe2][0xffffff8c][0xffffffdd][0xffffffaf]=[0xfffffff7][0xffffffcb][0xffffff8b][0xffffffa8]kM[0xffffffee][0xffffffd7]J [0x19][0xffffffd7][0x1a][0xffffffdc][0xffffffaf][\r]pf[0xffffffbb][0xfffffff6][0xfffffffa][0xfffffffd][0xffffffda][0xfffffffb][0xffffff9f]63[0xffffffd7][0xffffffc2][0xffffffe3]8[0xffffff8f][0x13][0xfffffff0][0xffffffae][0x5][0xffffffc7]q[0x1e]O[0xffffffa7]\[0xfffffffb][0xffffff83]q[0xffffff9c]|[0xffffffd7][0xffffffee](R[0xffffffae][0xffffff8d]@R[0xffffffae][0xffffffdd][0xffffffb1]$\[0xffffffdb]`[0xffffffd7][0xffffffb6][0xffffffab][0xffffffae]U[0xffffffcb][0xffffff98][0xffffffda][0xffffffc2][0xffffffd6]C[0xffffff9f][0xfffffff8]2[0xffffffa6][0xffffffd3]`[0x19][0xffffffd3][0xffffff89].c:[0xffffffb1]eL[0xffffffe7][0xf][0xffffff97]1e[0xffffffbb]6[0xffffffa2][0xffffffc8][0xffffffb8]V[0x1][0xffffffc9][0xffffffb8]6b[0xffffff99][0xffffffef][0xffffffda][0x1d][0xffffffce]l[0xffffffd7][0xffffffee][0xffffff88][0xffffffbe][0xffffffe0]Z5[0xffffffcb][0xffffffd0][0xb][0xfffffff6]5[0xffffff89][0x13][0xffffff9f]e8[\r]f[0x19][0xffffffce]xi<[0x13]gl[0xffffff96][0xffffffe1][0xffffffdc]/[0xffffff8a][0xffffffa3][0xffffffae]5[0xffffff99]e[0xffffff90]@2[0xffffffae]5[0xffffff98]e[0x8]pf[0xffffffbb][0xfffffff6][0xfffffffa],[0xffffffc3]T[0xfffffff7][0x10]F[0xffffffc3]>[0x1]8[0xfffffff1]{[0x8][0xffffffd3][0xffffffe0][0x1e][0xffffffc2][0xffffff8c]?[0xfffffff8]&[0xffffffe2]<[0xffffffb1]{[0x8]s[0xffffffff][0xffffff91][0xffffff97]t[0xffffffad]@[0x11]q[0xffffffad][0x4][0x12]q[0xffffffad][0xffffffc0]2[0xffffffdd][0xffffffb5][0x1][0xffffffce]d[0xffffffd7][0x6]D_pmW[0xffffffae]][0xffffffa5]Q[0xffffffae][0xffffffed][0xffffffb8]k[0xffffffbb][0xffffff81]k{[0xffffff80]:[0x13][0xffffffe7][0xffffff8e][0xffffffb9][0xffffffb6];[0xffffffb9]6[0xffffffa2][0xffffffc8][0xffffffb8]V[0x1][0xffffffc9][0xffffffb8]6b[0xffffff99][0xffffffef][0xffffffda][0x1d][0xffffffce]l[0xffffffd7][0xffffffee][0xffffff88][0xffffffbe][0xffffffe0]Z57v[0xffffffde][0xffffffff][0xffffff89][0xffffff94]k[0xfffffff1][0xffffffb9][0xffffffb1]i076[0xffffffe3][0xffffff80]N&[0xffffffce][0xffffffd8][0xffffffdc][0xffffffd8][0xffffffdc][0xffffff87]rP[0xffffffd7][0xffffff9a][0xffffffcc][0xffffff8d]I [0x19][0xffffffd7][0x1a][0xffffffcc][0xffffff8d][0x5]8[0xffffffb3]]{}nl[0xffffffdd]~[0xffffffa9][0xffffffc1][0xffffffb5][0xfffffff3][0xfffffffe][0x7f]![0xffffffd7][0xffffffbe][0xffffff9d][0xffffff87]u[0xffffffed][0xffffffe3][0x4][0xffffffb0]k[0xffffffbf][0xffffff9f][0x1]q[0xffffffed][0xffffffe3][0xffffffe9][0xffffff88]k[0xffffffbf]=[0xffffffd9][0xffffffc2][0xffffffb5][0x2]E[0xffffffc4][0xffffffb5][0x12]H[0xffffffc4][0xffffffb5][0x2][0xffffffcb]t[0xffffffd7][0x6]8[0xffffff93]][0x1b][0x10]}[0xffffffc9][0xffffffb5][0xffffff87][0xffffff9b]l[0xf][0xffffffde][0xffffffb6][0xffffff87][0xffffff83]n[0xf][0xffffffd6][0xffffffb7][0x7]'[0xffffffdc][0xffffffc3][0xffffffca][0xffffffb8][0xffffff81]GJ[0xffffffb9][0xffffff82]J[0xffffffca][0xffffffb9][0xffffff81]MB[0xffffffba][0x7]m[0xffffffdd][0xffffffe3]'[0xffffffb4][0xfffffffb]xM[0xffffffeb][0xffffffa4][0xffffffdd][0x2]_[0xffffffb6]}?[0x2][0xffffffaf][0xffffffdd][0x2]^[0xffffffb7]}[0x7f]<[0xffffffa5][0xffffffdd][0xffffffe2]s[0xffffffe1]V[0xfffffff1]HiWPIi7[0xffffffb0]Ih[0xffffffb7][0xffffffa0][0xffffff97]n#[0xffffffa7]/i[0xffffffb7][0xf]3[0xffffffed][0xfffffff6][0xffffff81]k[0xfffffff7]~[0x4]^[0xffffffbb][0x1f][0xffffff87][0xffffffa0][0xffffffb4]{[0x7f]<[0xffffffa5][0xffffffdd][0xfffffff7]G[0xffffffbb]h7[0xfffffff0]HiWPIi7[0xffffffb0]Ihw#4_[0xffffffbb][0x1b][0xffffffa7]/i[0xfffffff7][0xffffffec]f[0xffffffda]=;[0xffffffae][0xffffffdd][0xfffffffb][0x11]x[0xffffffed]~[0x1c][0xffffff82][0xffffffd2][0xffffffee][0xfffffffd][0xfffffff1][0xffffff94]v[0xffffffdf][0x1f][0xffffffed][0xffffffa2][0xffffffdd][0xffffffc0]#[0xffffffa5]]A%[0xffffffa5][0xffffffdd][0xffffffc0]&[0xffffffa1][0xffffffdd][0xffffff8d][0xffffffd0]|[0xffffffed]n[0xffffff9c][0xffffffbe][0xffffffa4][0xffffffdd][0x15]/-[0xffffffb0][0xffffffda]][0xfffffff0][0xffffffad][0xffffff85][0xfffffff7]#[0xfffffff0][0xffffffda][0xfffffffd]8[0x4][0xffffffa5][0xffffffdd][0x5]]\[0xfffffff8][0xfffffffe]h[0x17][0xffffffed][0x6][0x1e])[0xffffffed][\n]"
01:51:24.791 [main] DEBUG org.apache.hc.client5.http.wire -- http-outgoing-1 << "*)[0xffffffed][0x6]6[0x9][0xffffffed].[0xfffffff4][0xfffffff6]B[0xffffffe4][0xfffffff4]5[0xffffffed]N7[0xffffffed]N^[0xffffffbb][0xffffffd3]A[0xffffffbb][0xffffff93][0xffffffd5][0xffffffee][0xffffffe4][0xffffffb4];[0xffffffad][0xffffffb4][0xffffffbb][0xfffffff3][0xffffff88]i7R[0xffffff89]iwg[0x13][0xffffffd1][0xffffffee][0xffffffa4][0xffffffb5];[0xffffffaf]k[0xfffffff7][0xffffffb8][0x15]3[0xffffffef][0xffffffde]O[0xffffff84][0xffffff8b][0xfffffff7][0xffffffed][0xc][0xffffffbc]y[0xffffffbf][0xffffff9d][0xffffff82]R[0xffffffef][0xffffffdb][0xfffffff3])[0xfffffff7]~<[0xffffffdb]E[0xffffffbe][0x11]J[0xffffffca][0xffffffbe][\n]"
01:51:24.791 [main] DEBUG org.apache.hc.client5.http.wire -- http-outgoing-1 << "MJ[0xffffffbf][0x11]P[0xffffffc2][0xffffffbf];[0xffffffa6][0xfffffff9][0x2][0xffffffde]a}[0xffffffcd][0xffffffc0][0xffffffa7][0xffffffdb][0xb][0xffffff87][0xfffffffb][0xffffff89]x[0x3][0xffffffdf][0xffffffcf]``[0xffffffe0][0xffffff8f]S`[0x6]>[0xffffffb9][0xffffff97][0xe][0x1f][0xffffffcf][0xffffffb6]1p[0xffffff80][0x12]3[0xffffffb0]@[0x13]3p[0x0][0x14]1[0xfffffff0]I[0xffffffbf]y[0xffffffd8]a[0xfffffffd]-[0x6][0x1e][0xffffffef][0x7f][0xffffffac][0xffffffb6]/[0xffffffcc][0xffffffb3][0xffffffe6][0xfffffffb][0xfffffff7][0xfffffff3]<[0xffffff94]}[0xffffffbf][0xffffff9c][0x0]s[0xffffffef]v[0xffffff86]d[0xfffffff3]~yz[0xffffffb2]w[0x7f][0xfffffffd]d[0xffffffd8][0xffffffba]OQLv[0xffffffee][0xf][0xffffff80]L6[0xffffffee]S,[0x13]}[0xfffffffb][0x4][0xffffffce]4[0xffffffdb]>A[0xfffffff4][0x5][0xffffffd7][0xffffffaa][0xffffffcd][0xffffffe4][0xffffffab][0xffffff8e]B[0xffffffb9][0x16][0xffffffdc]L[0xfffffffe][0xffffffe5][0x4][0xffffffb4]k[0xffffffa1][0xffffffcd][0xffffffe4]_[0xffffff9e][0xffffffce][0xffffffb8][0xffffffd6]c3[0xfffffff9]S[0x14][0x19][0xffffffd7][0x1a]l&[0x7f][0xffffff8a]e[0xffffffbe]k[0xffffffb1][0xffffffcd][0xffffffe4]O[0x10]}[0xffffffc1][0xffffffb5]M[0xffffffb9]v[0xfffffff4][0xfffffffc][0xffffffcd][0xffffffe4][0xffffff9f][0xffffffe7][0xffffff81]][0xffffffdb][0xc]\[0xffffffdb][0x2][0xffffffd4][0xffffff99]87[0xffffffcc][0xffffffb5][0xffffffcd][0xffffffc9][0xffffffb5][0x11]E[0xffffffc6][0xffffffb5][\n]"
01:51:24.791 [main] DEBUG org.apache.hc.client5.http.wire -- http-outgoing-1 << "H[0xffffffc6][0xffffffb5][0x11][0xffffffcb]|[0xffffffd7][0xffffffee]pf[0xffffffbb]vG[0xfffffff4][0x5][0xffffffd7]v[0xffffffe5][0xffffffda]u`[0xffffffae][0xffffffed][0xffffffb8]k[0xffffffbb][0xffffff81]k{[0xffffff80]:[0x13][0xffffffe7][0xffffff8e][0xffffffb9][0xffffffb6];[0xffffffb9]6[0xffffffa2][0xffffffc8][0xffffffb8]V[0x1][0xffffffc9][0xffffffb8]6b[0xffffff99][0xffffffef][0xffffffda][0x1d][0xffffffce]l[0xffffffd7][0xffffffee][0xffffff88][0xffffffbe][0xffffffe0][0xffffffda][0x11]][0xffffffdb]o[0xffffffb7][0xffffff81][0xffffffb9]v[0xffffffe0][0xffffffae][0x1d][0x6][0xffffffae][0x1d][0x1][0xffffffea]L[0xffffff9c][0x7][0xffffffe6][0xffffffda][0xffffffe1][0xffffffe4][0xffffffda][0xffffff88]"[0xffffffe3]Z[0x5]$[0xffffffe3][0xffffffda][0xffffff88]e[0xffffffbe]kw8[0xffffffb3]][0xffffffbb]#[0xfffffffa][0xffffff82]k[0xffffffc5]W [0xffffffee][0xffffffae]][0xffffffd8][0xfffffffb]Z[0xfffffff0]+[0x10]_N@[0xffffffbb][0x16][0xfffffffa][\n]"
01:51:24.791 [main] DEBUG org.apache.hc.client5.http.wire -- http-outgoing-1 << "[0xffffffc4][0xffffff97][0xffffffa7]3[0xffffffae][0xfffffff5][0xfffffff8][\n]"
01:51:24.791 [main] DEBUG org.apache.hc.client5.http.wire -- http-outgoing-1 << "[0xffffffc4]S[0x14][0x19][0xffffffd7][0x1a]|[0x5][0xffffffe2])[0xffffff96][0xfffffff9][0xffffffae][0xffffffc5][0xffffffbe][0x2][0xfffffff1][0x4][0xffffffd1][0x17]\;[0xffffff95]k[0xffffff8f]#[0xffffffff]+[0x10][0xffffff9f][0xffffffe7][0xffffff81]];[\r]\;[0x3][0xffffffd4][0xffffff99]8O[0xffffffcc][0xffffffb5][0xffffffd3][0xffffffc9][0xffffffb5][0x11]E[0xffffffc6][0xffffffb5][\n]"
01:51:24.791 [main] DEBUG org.apache.hc.client5.http.wire -- http-outgoing-1 << "H[0xffffffc6][0xffffffb5][0x11][0xffffffcb]|[0xffffffd7][0xffffffee]pf[0xffffffbb]vG[0xfffffff4][0x5][0xffffffd7][0xffffff8a][0xffffffcd][0xffffffe4]w[0xffffffd7][0x2]_7[0xfffffffb]<[0xf][0xffffffec]Zt3[0xfffffff9]v[0x6][0xffffffc6][0xffffffb5][0xffffffc0]f[0xfffffff2]_?[0xffffffd9][0xffffffc3][0xffffffb5][0xfffffff8]f[0xfffffff2][0x1f][0x0][0xffffffc9][0xffffffb8][0x16][0xffffffdd]L[0xfffffffe][0x4][0xffffffce]l[0xffffffd7]^[0xffffffd9]L[0xfffffffe][0xfffffff8][0xffffffd3]y[0xffffffbb])[0xffffffd7][0xffffff96][\n]"
01:51:24.792 [main] DEBUG org.apache.hc.client5.http.wire -- http-outgoing-1 << "[0xffffffb9][0xfffffff6]q[0x1e][0xffffffd4][0xffffffb5][0xffffffef]'`][0xfffffffb]y[0x6][0xffffffc2][0xffffffb5][0xffffffef]O'\[0xfffffffb][0xfffffffd][0xffffffc9][0xe][0xffffffae]U([0x12][0xffffffae][0xffffffd5]@[0x12][0xffffffae]UXf[0xffffffbb]6[0xffffffc2][0xffffff99][0xffffffeb][0xffffffda][0xffffff88][0xffffffe8][0xb][0xffffffae][0x15][0xffffffb3][0xc][0xfffffffd]V+[0xfffffff4][0xe][0xffffffe1]q[0x1e][0xffffffd8][0xffffffb5][0xfffffffc],[0xffffffc3][0xffffffe7][0x19][0x18][0xffffffd7]R[0xffffffb3][0xc][0xffffffdf][0xffffff9f][0xffffffec][0xffffffe1]Z[0xffffff8f]Y[0x6][\r]$[0xffffffe3]Z~[0xffffff96]![0xffffffc2][0xffffff99][0xffffffed][0xffffffda][0xffffffcb][0xffffffb3][0xc][0xfffffff3]V[0xffffff94]k[0xffffffdb]8)[0xffffffd7][0x16][0xffffffdc][0xffffffb5][0xffffffc5][0xffffffc0][0xffffffb5]%@[0xffffff9d][0xffffff89]s[0xffffffc1]\[[0xffffff9c]\[0x1b]Qd\[0xffffffab][0xffffff80]d\[0x1b][0xffffffb1][0xffffffcc]w[0xffffffed][0xe]g[0xffffffb6]kwD_pm[0xfffffffd]%l[0xffffffa9][0xffffffe9][0xffffffb7]U0[0xffffffd7][0xffffffde][0xffffffcf][0x3][0xffffffbb][0xfffffff6][0xffffffed][0x4][0xffffffb4]k[0xffffffbf][0xffffff9d][0xffffff81]q[0xffffffed][0xffffffdb][0xffffffd3][0x19][0xffffffd7]~<[0xffffffd9][0xffffffc3][0xffffffb5][0x11]E[0xffffffc6][0xffffffb5][\n]"
01:51:24.792 [main] DEBUG org.apache.hc.client5.http.wire -- http-outgoing-1 << "H[0xffffffc6][0xffffffb5][0x11][0xffffffcb]|[0xffffffd7][0xffffffee]pf[0xffffffbb]vG[0xfffffff4][0x5][0xffffffd7][0xffffff8a][0xffffffb9][0xffffffb1]~[0x1c][0x15]s-=7[0xfffffff6]~[0x2][0xffffffda][0xffffffb5][0xffffffe4][0xffffffdc][0xffffffd8][0xfffffffb][0xffffffd3][0x19][0xffffffd7][0x1a][0xffffffcd][0xffffff8d])[0x14][0x19][0xffffffd7][0xffffffba][0xffffffcc][0xffffff8d]),[0xfffffff3]][0xffffffcb][0xffffffce][0xffffff8d]ED_p[0xffffffad][0xffffff98][0x1b][0xffffffeb]G[0xffffffeb][0xffffff93]r-=7[0xfffffff6]~[0x2][0xffffffda][0xffffffb5][0xffffffe4][0xffffffdc][0xffffffd8][0xfffffffb][0xffffffd3][0x19][0xffffffd7][0x1a][0xffffffcd][0xffffff8d])[0x14][0x19][0xffffffd7][0xffffffba][0xffffffcc][0xffffff8d]),[0xfffffff3]][0xffffffcb][0xffffffce][0xffffff8d]ED_p[0xffffffed]P[0xffffffae]=[0x1b][0xffffffd6][0xffffffb5][0x3]w[0xffffffed]0p[0xffffffed][0x8]Pg[0xffffffe2]<0[0xffffffd7][0xe]'[0xffffffd7]F[0x14][0x19][0xffffffd7]* [0x19][0xffffffd7]F,[0xfffffff3]][0xffffffbb][0xffffffc3][0xffffff99][0xffffffed][0xffffffda][0x1d][0xffffffd1][0x17]\[0xffffffab][0xffffffe6][0xffffffc6][0xffffffca]qb[0xffffffae][0xffffffa5][0xffffffe7][0xffffffc6][0xffffffde]O@[0xffffffbb][0xffffff96][0xffffff9c][0x1b]{[0x7f]:[0xffffffe3]Z[0xffffffa3][0xffffffb9]1[0xffffff85]"[0xffffffe3]Z[0xffffff97][0xffffffb9]1[0xffffff85]e[0xffffffbe]k[0xffffffd9][0xffffffb9][0xffffffb1][0xffffff88][0xffffffe8][0xb][0xffffffae]Usc[0xffffffa5][0xffffffdd][0xffffffb0]w[0x8][0xfffffff4][0xffffffdc][0xffffffd8][0xfffffffb][0x9]h[0xffffffd7][0xffffff92]sc[0xffffffef]Og\k47[0xffffffa6]Pd\[0xffffffeb]27[0xffffffa6][0xffffffb0][0xffffffcc]w-;7[0x16][0x11]}[0xffffffc9][0xffffffb5][0xfffffff1][0x1e][0x2][0xffffffeb]Z[0xfffffffa][0x1e][0xffffffc2]4[0xffffffb8][0xffffff87]0[0xffffffc3][0xf][0xffffffbe][0xffffffb9]8S[0xfffffff7][0x10][0xffffffa6][0xffffffd3]=[0xffffff84][0xffffff88]"[0xffffffe5]Z[0xffffff97]{[0x8][0x11]K[0xffffffc2][0xffffffb5][0xffffffec]=[0xffffff84][0x1d][0xffffffd1][0x17]\[0xffffffab]ft[0xffffffcb]yb[0xffffffb3][0xc][0xfffffff4][0xffffff8c][0xffffffee][0xfffffffb][0x9]h[0xffffffd7][0xffffff92]3[0xffffffba][0xffffffef]Og\k4[0xffffffa3][0xffffffab]Pd\[0xffffffeb]2[0xffffffa3][0xffffffab][0xffffffb0][0xffffffcc]w-;[0xffffffa3][0x1b][0x11]}[0xffffffc9][0xffffffb5][0xffffffa2]kQ[0xffffffd7][0xffffffd2]][0xffffffbb][0xc][0xffffffba]v[0xffffff85][0xffffff80][0xffffffc8][0xffffffc5][0xffffff99][0xffffffea][0xffffffda][0xffffffe5][0xffffffd4][0xffffffb5][0x11]E[0xffffffca][0xffffffb5].][0x1b][0xffffffb1]$\[0xffffffcb]v[0xffffffed][0xffffff8e][0xffffffe8]ow[0xffffffed][0xffffffa1][0xfffffff6]![0xffffff94]u[0x1c][0xffffff90]k[0xf]|[0x1f][0xffffffc2]a[0xffffffb0][0xf][0xffffffe1][0xffffff88][0xffffff83][0xffffffe7][0xffffff89]8[0x1f][0xffffffd8]>[0xffffff84]c[0x1f]6']+PD\+[0xffffff81]D\+[0xffffffb0]Lwm[0xffffff80]3[0xffffffd9][0xffffffb5][0x1][0xffffffd1][0x17]\[0xffffffab]ft[0xffffffcb][0xffffff9a][0xffffff85]r->[0xffffffa3]{[0x18][0xffffffcc][0xffffffe8][0x1e]q[0x18]2[0x13]glF[0xfffffff7][0xffffffd8][0x7] Q[0xffffffd7][0xffffff9a][0xffffffcc][0xffffffe8]J [0x19][0xffffffd7][0x1a][0xffffffcc][0xffffffe8][0x6]8[0xffffffb3]]{}F[0xfffffff7]P[0xffffffb3][0xc][0xffffffb5][0xffffffdf]:[0xffffffe5]Z|[0xffffff96][0xffffffe1]0[0xffffff98]e8[0xffffffe2][0xffffffa5][0xfffffff1]L[0xffffff9c][0xffffffb1]Y[0xffffff86]c[0xffffffbf]([0xffffff8e][0xffffffba][0xffffffd6]d[0xffffff96]A[0x2][0xffffffc9][0xffffffb8][0xffffffd6]`[0xffffff96]![0xffffffc0][0xffffff99][0xffffffed][0xffffffda][0xffffffeb][0xffffffb3][0xc]o[0xffffffff]Ot[0xffffffed]9[0xffffffb1]w[0x8][0x3]w[0xffffffed]0p[0xffffffed][0x8]Pg[0xffffffe2]<0[0xffffffd7][0xe]'[0xffffffd7]F[0x14][0x19][0xffffffd7]* [0x19][0xffffffd7]F,[0xfffffff3]][0xffffffbb][0xffffffc3][0xffffff99][0xffffffed][0xffffffda][0x1d][0xffffffd1][0x17]\[0xffffffab]f[0x19][0xffffffda][0xffffffd1][0xffffffb0]w[0x8][0xfffffff8],[0xffffffc3]a0[0xffffffcb]p[0xffffffc4]K[0xffffffe3][0xffffff99]8c[0xffffffb3][0xc][0xffffffc7]~Q[0x1c]u[0xffffffad][0xffffffc9],[0xffffff83][0x4][0xffffff92]q[0xffffffad][0xffffffc1],C[0xffffff80]3[0xffffffdb][0xffffffb5][0xffffffd7]g[0x19][0xe]5[0xffffffcb][0xffffffd0]j[0xffffffc3][0xffffffba][0x16][0xffffff9f]e8[0xc]f[0x19][0xffffff8e]xi<[0x13]gl[0xffffff96][0xffffffe1][0xffffffd8]/[0xffffff8a][0xffffffa3][0xffffffae]5[0xffffff99]e[0xffffff90]@2[0xffffffae]5[0xffffff98]e[0x8]pf[0xffffffbb][0xfffffff6][0xfffffffa],CQ[0xffffffef]k[0xfffffffb]j[0xffffffd0]wt[0x1f][0xffffffe7]a][[0xc][0xffffffde][0xffffffd7][0xffffff96][0xfffffff8]b,[0x11][0xffffffe7][0xffffff82][0xffffffbd][0xffffffaf]-[0xfffffffb][0xffffffcb]0[0xffffffd2][0xffffffb5][0x2]E[0xffffffc4][0xffffffb5][0x12]H[0xffffffc4][0xffffffb5][0x2][0xffffffcb]t[0xffffffd7][0x6]8[0xffffff93]][0x1b][0x10]}[0xffffffc1][0xffffffb5][0xffffffea][0x1d][0xffffffc2][0xffffffb8]Q[0xffffffdf]v|[0xffffff9c][0x7]v[0xffffffad][0xffffffc1];[0xffffff84][0x12][0xffffffff]e-[0x13]g[0xffffffec][0x1d]B[0xffffffd9][0xffffffff][0x5][\r]u[0xffffffad][0xffffffc9];[0x4][0x9]$[0xffffffe3]Z[0xffffff83]w[0x8][0x1][0xffffffce]l[0xffffffd7]^[0x7f][0xffffff87]P[0xffffffd4];[0xffffff84]q`[0xffffffdf][0x1b]+[0xfffffff8];[0xffffff84]b[0xfffffff0][0xe][0xffffffa1][0xffffffc4][0x7f]Y[0xffffffcb][0xffffffc4][0x19]{[0xffffff87]P[0xfffffff6][0x7f]AC]k[0xfffffff2][0xe]A[0x2][0xffffffc9][0xffffffb8][0xffffffd6][0xffffffe0][0x1d]B[0xffffff80]3[0xffffffdb][0xffffffb5]?[0xfffffff1][0xe]A[0xffffffcd][0xffffffe8][0xffffff8e]v6[0xffffffca][0xffffffb5][0xfffffff8][0xffffff8c]n1[0xffffff98][0xffffffd1]-q[0x18]2[0x13]glF[0xffffffb7][0xffffffec][0x3][0xffffff90][0xffffffa8]kMft%[0xffffff90][0xffffff8c]k[\r]ft[0x3][0xffffff9c][0xffffffd9][0xffffffae][0xffffffbd]>[0xffffffa3][[0xffffffd5],[0xffffffc3][0xffffffd9]:[0xffffffe5][0xffffffda][0xffffff8a][0xffffffcf]2T[0xffffff83]Y[0xffffff86][0x1a]/[0xffffff8d]'[0xffffffe2]\[0xffffffb1]Y[0xffffff86][0xffffffba]_[0x14]']+PD\+[0xffffff81]D\+[0xffffffb0]Lwm[0xffffff80]3[0xffffffd9][0xffffffb5][0x1][0xffffffd1][0x17]\[0xffffffab]~[0x1b][0xffffff9b][0xffffffed][0xffffffa4][0xffffffde]!T[0xfffffffc][0xffffffb7][0xffffffb1]j[0xfffffff0][0xffffffdb]X[0xffffff8d]?Bd[0xffffffe2][0xffffff8c][0xfffffffd]6V[0xfffffff7][0x1f][0x1e]P[0xffffffd7][0xffffff9a][0xfffffffc]6&[0xffffff81]d\k[0xfffffff0][0xffffffdb]X[0xffffff80]3[0xffffffdb][0xffffffb5][0xffffffd7][0x7f][0x1b][0xffffffab][0xffffffea][0x1d][0xffffffc2][0xffffffaa][0xffffff95][0xffffffda][0xffffffa9]X[0xfffffff1]w[0x8][0xffffffd5][0xffffffe0][0x1d]B[0xffffff8d][0xffffffff][0xffffffb2][0xffffff96][0xffffff89]3[0xfffffff6][0xe][0xffffffa1][0xffffffee][0xffffffff][0xffffff82][0xffffff86][0xffffffba][0xffffffd6][0xffffffe4][0x1d][0xffffff82][0x4][0xffffff92]q[0xffffffad][0xffffffc1];[0xffffff84][0x0]g[0xffffffb6]k[0xffffffaf][0xffffffbf]Chj[0xfffffff7][0xffffffcc][0xffffffaa][0xffffffd8][0xffffffdc]X[0xffffffc3]w[0xffffffcf]4[0xffffff83][0xffffffdd]3-.[0xfffffff9]H[0xffffffc4][0xffffffb9]a[0xffffffbb]g[0xffffffda][0xffffffbe][0xffffffd8][0xffffff83]t[0xffffffad]@[0x11]q[0xffffffad][0x4][0x12]q[0xffffffad][0xffffffc0]2[0xffffffdd][0xffffffb5][0x1][0xffffffce]d[0xffffffd7][0x6]D_p[0xffffffed][0xffffffa1]\[0xffffffdb][0xe][0xffffffea][0x1b]8o[0xffffffe7][0xffffff81]]{[0x18][0xffffffb8][0xfffffff6][0x8]Pg[0xffffffe2]|`[0xffffffae]=[0xffffff9c]\[0x1b]Qd\[0xffffffab][0xffffff80]d\[0x1b][0xffffffb1][0xffffffcc]w[0xffffffed][0xe]g[0xffffffb6]kwD_p[0xffffffad][0xfffffffa]ml[0xfffffff5]J[0xffffffdd][0xffffffaf]m[0xfffffff8]oc[0xffffffcd][0xffffffe0][0xffffffb7][0xffffffb1][0x16][0x7f][0xffffff84][0xffffffc8][0xffffffc4][0x19][0xfffffffb]m[0xffffffac][0xffffffed]?<[0xffffffa0][0xffffffae]5[0xfffffff9]mL[0x2][0xffffffc9][0xffffffb8][0xffffffd6][0xffffffe0][0xffffffb7][0xffffffb1][0x0]g[0xffffffb6]k[0xffffffaf][0xffffffff]6[0xffffffd6][0xffffffaa]r[0xffffffed][0xffffff89][0xffffffed]Cx;[0xf][0xffffffec][0xffffffda]j[0xffffffe0][0xffffffda][0x1a][0xffffffa0][0xffffffce][0xffffffc4][0xffffffb9]b[0xffffffae][0xffffffad]N[0xffffffae][0xffffff8d](2[0xffffffae]U@2[0xffffffae][0xffffff8d]X[0xffffffe6][0xffffffbb]v[0xffffff87]3[0xffffffdb][0xffffffb5];[0xffffffa2]/[0xffffffb8][0xffffffb6])[0xffffffd7][0xffffffae][0xffffff86]um[0xffffffc3]][0xffffffdb][0xc]\[0xffffffdb][0x2][0xffffffd4][0xffffff99]87[0xffffffcc][0xffffffb5][0xffffffcd][0xffffffc9][0xffffffb5][0x11]E[0xffffffc6][0xffffffb5][\n]"
01:51:24.793 [main] DEBUG org.apache.hc.client5.http.wire -- http-outgoing-1 << "H[0xffffffc6][0xffffffb5][0x11][0xffffffcb]|[0xffffffd7][0xffffffee]pf[0xffffffbb]vG[0xfffffff4][0x5][0xffffffd7][0xffffff8a];_[0xffffffe3]V[0xb][0xfffffff6][0xffffffdb][0x18]~[0xffffffe7][0xffffffab][0x19][0xffffffdc][0xfffffff9]j[0xfffffff1]rM&[0xffffffce][0xffffffd8][0xffffff9d][0xffffffaf][0xffffffb6]_[0xffffffa8]A]kr[0xffffffe7]K[0x2][0xffffffc9][0xffffffb8][0xffffffd6][0xffffffe0][0xffffffce]W[0xffffff80]3[0xffffffdb][0xffffffb5][0xffffffd7][0xffffffef]|[0xffffffdd][0xffffffff][0xffffffb4][0xffffff98][0xffffffb9][0x16][0xfffffffe][0xffffffde][0xffffffd8][0xffffffe3][0x4][0xffffffbc]k[0xffffffc1][0xffffffef][0xffffff8d]=[0xffffff9e]N[0xffffffb9][0xffffffd6][0xffffffe7]{c[0x2]E[0xffffffca][0xffffffb5]&[0xffffffdf][0x1b][0x13]X[0x12][0xffffffae]E[0xffffffbf]7[0x16][0x10]}[0xffffffc9][0xffffffb5][0xffffffd5][0xffffffcc][0xffffffb5][0x15]wm5pmE][1[0xffffffd7]V'[0xffffffd7][0xffffffee](R[0xffffffae][0xffffff8d]@R[0xffffffae][0xffffffdd][0xffffffb1]$\[a[0xffffffd7][0xffffffd6][0xffffffeb][0xffffffae]mf[0xffffffae]m[0xffffffb8]k[0xffffff9b][0xffffff81]k[0x1b][0xffffffea][0xffffffda][0xffffff86][0xffffffb9][0xffffffb6]9[0xffffffb9]vG[0xffffff91]rm[0x4][0xffffff92]r[0xffffffed][0xffffff8e]%[0xffffffe1][0xffffffda][0x6][0xffffffbb][0xffffffb6]]w[0xffffffed][0xffffffe1]&[0xffffffdb][0xffffff83][0xffffffb7][0xffffffed][0xffffffe1][0xffffffa0][0xffffffdb][0xffffff83][0xfffffff5][0xffffffed][0xffffffc1][0x9][0xfffffff7][0xffffffb0]2n[0xffffffe0][0xffffff91]R[0xffffffae][0xffffffa0][0xffffff92]rn`[0xffffff93][0xffffff90][0xffffffee]A[[0xfffffff7][0xfffffff8][0x9][0xffffffed]V[0xffffffb7]w[0xffffffb7][0xffffff95][0x7f]y[[0x1d][0xffffffde][0xffffffde]V[0xfffffff6][0xfffffff5]m[0xffffffe5][0xffffffde][0xffffffdf]V[0xffffffab][0x17][0xffffffb8][0xffffff81]GJ[0xffffffbb][0xffffff82]JJ[0xffffffbb][0xffffff81]MB[0xffffffbb][0xffffff95]~[0xffffff89][[0x7f][0xffffffe2]-ns[0xffffffd3]n[0xffffffe3][0xffffffb5][0xffffffdb][0x1c][0xffffffb4][0xffffffdb]X[0xffffffed]6N[0xffffffbb][0xffffffcd]J[0xffffffbb][0xffffff81]GJ[0xffffffbb][0xffffff82]JJ[0xffffffbb][0xffffff81]MB[0xffffffbb][0xffffff8d][0xffffffd6]n[0xfffffffb][0x19][0xffffffed].7[0xffffffed].^[0xffffffbb][0xffffffcb]A[0xffffffbb][0xffffff8b][0xffffffd5][0xffffffee][0xffffffe2][0xffffffb4][0xffffffbb][0xffffffac][0xffffffb4][0xffffffbb][0xfffffff3][0xffffff88]i7R[0xffffff89]iwg[0x13][0xffffffd1][0xffffffee][0xffffffa2][0xffffffb5][0xffffffbb][0xffffffae]kw[0xffffffb8][0xffffffd5][0xffffffee][0xffffffe0]kw8[0xffffffd4][0xffffffee]`kwp[0xffffffb5];[0xffffffac]j7[0xfffffff0]HiWPIi7[0xffffffb0]Ihw[0xffffffd0][0xffffffb5];~[0xffffffa2]v[0xffffffa7][0xffffff9b]v'[0xffffffaf][0xffffffdd][0xffffffe9][0xffffffa0][0xffffffdd][0xffffffc9]jwr[0xffffffda][0xffffff9d]V[0xffffffda][\r]<R[0xffffffda][0x15]TR[0xffffffda][\r]l[0x12][0xffffffda][0xffffff9d][0xffffffb4]v[0xffffffe7]Ohw[\r]3[0xffffffed][0xffffffae][0xffffff81]k[0xfffffff7]~[0x4]^[0xffffffbb][0x1f][0xffffff87][0xffffffa0][0xffffffb4]{[0x7f]<[0xffffffa5][0xffffffdd][0xfffffff7]G[0xffffffbb]h7[0xfffffff0]HiWPIi7[0xffffffb0]Ihw#4_[0xffffffbb][0x1b][0xffffffa7][0xffffffbf]E[0xffffffbb][0xffffffe7][0xfffffffb][0xffffffdf][0xe]5[0xfffffff0][0xffffffbb]JK[0xffffffb7][0xffffffee][0xffffffe7]y([0xffffffe9]~9[0x1][0xffffffe6][0xffffffdc][0xffffffed][0xc][0xffffffc9][0xffffffca][0xfffffffd][0xfffffff2][0xfffffff4]d[0xffffffe3][0xfffffffe][0xfffffffa][0xffffffc9][0xffffffb0]p[0xffffff9f][0xffffffa2][0xffffff98][0xffffffec][0xffffffdb][0x1f][0x0][0xffffff99][0xffffffac][0xffffffdb][0xffffffa7]X&[0xffffffda][0xfffffff6][0x9][0xffffff9c]i[0xffffffb2]}[0xffffff82][0xffffffe8][0xb][0xffffffae][0x15][0x1f]@[0x1f][0xffffffc7][0x1],h[0xfffffffc]<[0xf][0xffffffec]Z[0xfffffff4][0x3][0xffffffe8][0xffffffdb][0x19][0x18][0xffffffd7][0x2][0x1f]@[0xffffffff][0xfffffff5][0xffffff93]=\[0xffffff8b][0x7f][0x0][0xfffffffd][0x7]@2[0xffffffae]E?[0xffffff80][0xfffffffe][0x4][0xffffffce]l[0xffffffd7][0xffffffee][0xffffff88][0xffffffbe][0xffffffe0][0xffffffda])[0xffffff96]+[0x1c][0xffffffad][0xffffffe4][0x7f]P[0xffffffe7][0xfffffff3]<[0xffffffb0]k'[0xffffffb9]\a;[0x3][0xffffffe3][0xffffffda][0xffffff99][0xffffffbf]\[0xffffffe1][0xffffffd7]O[0xfffffff6]pmD[0xffffff91]q[0xffffffad][0x2][0xffffff92]qm[0xffffffc4]2[0xffffffdf][0xffffffb5];[0xffffff9c][0xffffffd9][0xffffffae][0xffffffdd][0x11]}[0xffffffc1][0xffffffb5]K[0xffffffb9]v[0xffffff9c][0xfffffff9][0x1f]y[0xfffffff8]<[0xf][0xffffffec][0xffffffda]e[0xffffffe0][0xffffffda][0x15][0xffffffa0][0xffffffce][0xffffffc4]ya[0xffffffae]]N[0xffffffae][0xffffff8d](2[0xffffffae]U@2[0xffffffae][0xffffff8d]X[0xffffffe6][0xffffffbb]v[0xffffff87]3[0xffffffdb][0xffffffb5];[0xffffffa2][0xffffffbf][0xffffffdd][0xffffffb5]]|Pg[0xffffff94][0xffffffdb][0xffffffca][0xffffffff][0xffffff95][0xffffffec][0xfffffff3]<[0xffffffac]k;[0xfffffffa]A[0xffffff9d][0xffffffed][0xc][0xffffff88]k;[0xfffffff0]A[0xffffff9d]_?[0xffffffd9][0xffffffc2][0xffffffb5][0x2]E[0xffffffc4][0xffffffb5][0x12]H[0xffffffc4][0xffffffb5][0x2][0xffffffcb]t[0xffffffd7][0x6]8[0xffffff93]][0x1b][0x10]}[0xffffffc1][0xffffffb5][0xffffffe2]#[0xf][0xffffffa3][0x1c][0xffffff83]z_[0xffffffdb][0xffffffc1][0xffffff8f]<|9[0x1][0xffffffed]Z[0xffffffe8]#[0xf]_[0xffffff9e][0xffffffce][0xffffffb8][0xffffffd6][0xffffffe3]#[0xf]OQd\k[0xfffffff0][0xffffff91][0xffffff87][0xffffffa7]X[0xffffffe6][0xffffffbb][0x16][0xfffffffb][0xffffffc8][0xffffffc3][0x13]D_p[0xffffffad][0xfffffff8][0xffffffc8][0xffffffc3]([0xffffffe5]V)[0xffffffd7][0xffffff82][0x1f]y[0xfffffff8]r[0x2][0xffffffda][0xffffffb5][0xffffffd0]G[0x1e][0xffffffbe]<[0xffffff9d]q[0xffffffad][0xffffffc7]G[0x1e][0xffffff9e][0xffffffa2][0xffffffc8][0xffffffb8][0xffffffd6][0xffffffe0]#[0xf]O[0xffffffb1][0xffffffcc]w-[0xfffffff6][0xffffff91][0xffffff87]'[0xffffff88][0xffffffbe][0xffffffe0]Z[0xfffffff5][0xffffff91][0xffffff87]RoX[0xffffffd7][0xffffff82][0x1f]y[0xfffffff8]r[0x2][0xffffffda][0xffffffb5][0xffffffd0]G[0x1e][0xffffffbe]<[0
[...]
ffffff3][0xffffffea][0x14]%R[0xffffff86][0xffffffb3]m[0x14])JD[0xc]g[0xffffffdb]X[0x12][0xffffff94][0x0][0xffffff87][0xffffffb3]MD[0xffffffb3]([0xffffff91]4[0xffffff9c][0xfffffffd][0xffffffae]KiJ[0xffffffa4][0xc]g[0xffffffbb][0xffffffa6][0xffffffe5]([0xfffffff1][0xffffffed][0xffffffe1][0xffffffec][0xffffffd6][0xffffffdc]S[0xffffff89]9[0x6]E[0xffffff89][0xffffff86]?[0xffffff95]h[0x1]O%[0xffffff9a][0xffffffd2][0xffffffb9]0[0xffffffe0][\r]{*[0xffffffd1][0xffffff92][0xffffff9e]Jh[0x14][0x19]J[0xffffffb8]@2[0xffffff94][0xffffffd0]X[0xffffffd6]Sb[\r]g5%[0xffffffd6][0xffffff88]&Q[0xffffffc2][0xffffff94]'K[0x9][0xffffffdb][0xffffffa5],%L[0xffffffb5]r[0xffffff94][0xffffff90][0xffffffa6][0xffffffa5](![0xffffffc5][0xffffffbb]A[0x9]7[0xffffff9c]}[0xffffff9f]/[0xffffff8c][0x12][0xfffffff8]pv[0xb][0x18][0xffffffce]nf[0xffffffdd][0xffffffb5]0[0xffffffe0][0xffffffd8]pv[0xffffff93][0xfffffffd]V[0xffffff92][0x12]![0xffffffc3][0xffffffd9]6[0xffffff90][0xc]%[0x2][0xffffff86][0xffffffb3]%[0xffffff9c][0xffffffd5][0xffffff94][0x8][0x1e][0xffffffce]v[0xffffffe5][0xffffffc9]R"o8[0xffffffdb]U+G[0xffffff89][0xffffff94][0xffffffe1]l-[0xffffffde]-J[0xffffffcc]0JL[0xffffff9c][0x12]3[0xffffff80][0x12][0x13][0xffffffa5][0xffffffc4][0xffffffc4](1[0xffffff93]([0xffffffb1]F[0xffffff91][0xffffffa2][0xffffff84][0x6][0xffffff92][0xffffffa2][0xffffffc4][0x1a]K[0xffffff82][0x12][0x13][0xffffffa6][0xffffffc4][0xc][0xffffffa6][0xffffff84][0xffffff94]'M[0x9][0xffffffd3][0xffffffa5]4%[0xffffffa4]ZIJ[0xffffffcc][0x14]J[0xffffffcc]oS[0xffffffc2][0xffffff9d][0xffffffc1][0xfffffff1][0xffffffbc]&F[0x9][0xfffffffc][0xc][0xffffff8e][0x16]p[0x6]G3C[0xfffffff1][0xffffff85][0x1][0xffffffc7][0xffffffce][0xffffffe0]h2[0x5]OR"[0xffffffe4][0xc][0xe][0x1b]H[0xffffff86][0x12][0x1]gpH8[0xffffffab])[0x11]|[0x6][0xffffff87]+O[0xffffff96][0x12]ygp[0xffffffb8]j[0xffffffe5]([0xffffff91]r[0x6][0xffffff87][0x16][0xffffffef][0x16]%[0xfffffff4][0xffffffb5]K[0xffffff96][0x12][0xfffffff4]k[0xffffff97]#[0xffffffe0][0xffffffb5][0xffffffcb][0xffffffa1][0xffffffef][0x6][0xffffff95][0x6][0xffffff9c]z[0xffffffed]r$[0xffffffbd]v[0xffffffa9]Q[0xffffffa4]([0xffffff91][0xfffffff2][0xffffffda][0xffffffa5][0xffffffc6][0xffffff92][0xffffffa0][0x4][0xfffffffb][0xffffffda][0xffffffe5][0x1a][0xffffffd1],J[0xffffff84][0xffffffbd]vi[0xffffffbb][0xffffff94][0xffffffa6]D[0xffffffd0]k[0xffffff97][0xffffffd2][0xffffffb4][0x1c]%[0xffffffbe][0xffffffff][0xffffffda][0xffffffa5];[0xffffffce][0xffffffeb][0xffffffe9][0x1c]%[0xfffffff0][0xffffffe3][0xffffffbc]Z[0xffffffc0]q^[0xffffffcd][0xffffff9c]9S[0x18]p[0xffffffec]8[0xffffffaf]&[0xffffffa7][0xffffffca][0xffffff90][0xffffff94][0x8]9[0xffffffce][0xffffffcb][0x6][0xffffff92][0xffffffa1]D[0xffffffc0]q^[0x12][0xffffffce]jJ[0x4][0x1f][0xffffffe7][0xffffffe5][0xffffffca][0xffffff93][0xffffffa5]D[0xffffffde]q^[0xffffffae]Z9J[0xffffffa4][0x1c][0xffffffe7][0xffffffa5][0xffffffc5][0xffffffbb]A[0xffffff89][0xffffffc3]Qb`gp|[0xffffffde][0xf]L[0xffffff89]#[0xffffff80][0x12][0xffffff87][0xffffffe6][0xffffffbd]0[0xffffffe0][0x7]F[0xffffff89]#[0xffffff89][0x12][0x1a]E[0xffffff86][0x12].[0xffffff90][0xc]%4[0xffffff96][0xfffffff5][0xffffff94]X[0xffffffc3]YM[0xffffff89]5[0xffffffa2]I[0xffffff94]0[0xffffffe5][0xffffffc9]R[0xffffffc2]v)K[0x9]S[0xffffffad][0x1c]%[0xffffffa4]i)JH[0xfffffff1]nP[0xffffffc2][0x1d][0xffffffe7][0xfffffff5]\[0xffffffe7]CQ[0x2]?[0xffffffce][0xffffffab][0x5][0x1c][0xffffffe7][0xffffffd5][0xffffffcc][0xffffff99]3[0xffffff85][0x1][0xffffffc7][0xffffff8e][0xfffffff3]jr[0xffffffaa][0xc]I[0xffffff89][0xffffff90][0xffffffe3][0xffffffbc]l [0x19]J[0x4][0x1c][0xffffffe7]%[0xffffffe1][0xffffffac][0xffffffa6]D[0xfffffff0]q^[0xffffffae]<YJ[0xffffffe4][0x1d][0xffffffe7][0xffffffe5][0xffffffaa][0xffffff95][0xffffffa3]D[0xffffffca]q^Z[0xffffffbc][0x1b][0xffffff94]0[0xffffffc7]y[0xfffffff5][0xf][0xffffffa4]\[0x14]%[0xfffffff0][0xffffffe3][0xffffffbc]Z[0xffffffc0]q^[0xffffffcd][0xffffff9c]9S[0x18]p[0xffffffec]8[0xffffffaf]&[0xffffffa7][0xffffffca][0xffffff90][0xffffff94][0x8]9[0xffffffce][0xffffffcb][0x6][0xffffff92][0xffffffa1]D[0xffffffc0]q^[0x12][0xffffffce]jJ[0x4][0x1f][0xffffffe7][0xffffffe5][0xffffffca][0xffffff93][0xffffffa5]D[0xffffffde]q^[0xffffffae]Z9J[0xffffffa4][0x1c][0xffffffe7][0xffffffa5][0xffffffc5][0xffffffbb]A[0x9]s[0xffffff9c]W[0x7f][0xffffffcd][0x3]{*[0xffffff81][0x1f][0xffffffe7][0xffffffd5][0x2][0xffffff8e][0xfffffff3]j[0xffffffe6][0xffffffcc][0xffffff99][0xffffffc2][0xffffff80]c[0xffffffc7]y59U[0xffffff86][0xffffffa4]D[0xffffffc8]q^6[0xffffff90][0xc]%[0x2][0xffffff8e][0xfffffff3][0xffffff92]pVS"[0xfffffff8]8/W[0xffffff9e],%[0xfffffff2][0xffffff8e][0xfffffff3]r[0xffffffd5][0xffffffca]Q"[0xffffffe5]8/-[0xffffffde][\r]J[0xffffff98][0xffffffe3][0xffffffbc][0xfffffffa][0xffffffeb][0xffffffba]&E[0x9][0xfffffffc]8[0xffffffaf][0x16]p[0xffffff9c]W3g[0xffffffce][0x14][0x6][0x1c];[0xffffffce][0xffffffab][0xffffffc9][0xffffffa9]2$%B[0xffffff8e][0xfffffff3][0xffffffb2][0xffffff81]d([0x11]p[0xffffff9c][0xffffff97][0xffffff84][0xffffffb3][0xffffff9a][0x12][0xffffffc1][0xffffffc7]y[0xffffffb9][0xfffffff2]d)[0xffffff91]w[0xffffff9c][0xffffff97][0xffffffab]V[0xffffff8e][0x12])[0xffffffc7]yi[0xfffffff1][0xfffffffe]=%[0xffffffba]9[0xffffffce][0xffffffab][0xffffffbf][0xffffffee]A[0xffffffbd]v[0xffffffd9][0xfffffff1][0xffffffe3][0xffffffbc]z[0xffffffc0]q^[0xffffffdd][0xffffff9c]9S[0x17][0xfffffff0][0xffffff8e][0x1d][0xffffffe7][0xffffffd5][0xffffffe5]T[0x19][0xffffff90][0x12]&[0xffffff8a][0x8]%l [0x11]J[0xffffff98]X[0xffffff96]SB[0xffffffc2]YL[0x9][0xffffff89]h[0x10]%\y[0xffffffa2][0xffffff94][0xfffffff0]][0xffffff8a]R[0xffffffc2]U+F[0x9]mZ[0xffffff88][0x12]Z[0xffffffbc][0x1b][0xffffff94]0gp[0xfffffff4][0xffffffd6]:[0xfffffff5][0x3]G[0xffffffc7][0xffffffcf][0xffffffe0][0xffffffe8][0x1]gpt3[0x14]_[0x18]p[0xffffffec][0xc][0xffffff8e].S[0xfffffff0]$%B[0xffffffce][0xffffffe0][0xffffffb0][0xffffff81]d([0x11]p[0x6][0xffffff87][0xffffff84][0xffffffb3][0xffffff9a][0x12][0xffffffc1]gp[0xffffffb8][0xfffffff2]d)[0xffffff91]w[0x6][0xffffff87][0xffffffab]V[0xffffff8e][0x12])gph[0xfffffff1]nP[0xffffffc2][0xffffff9c][0xffffffc1][0xffffffd1]?[0xfffffffe][0xffffffcf][0xffffff83][0xffffffa2][0x4]~[0x6]G[0xf]8[0xffffff83][0xffffffa3][0xffffff9b][0xffffffa1][0xfffffff8][0xffffffc2][0xffffff80]cgpt[0xffffff99][0xffffff82]')[0x11]r[0x6][0xffffff87][\r]$C[0xffffff89][0xffffff80]38$[0xffffff9c][0xffffffd5][0xffffff94][0x8]>[0xffffff83][0xffffffc3][0xffffff95]'K[0xffffff89][0xffffffbc]38\[0xffffffb5]r[0xffffff94]H9[0xffffff83]C[0xffffff8b]w[0xffffff83][0x12]f8[0xffffffbb][0xffffffb7]k`[0xffffff94][0xffffffc0][0xffffff87][0xffffffb3]{[0xffffffc0]pv7[0xffffffeb][0xffffffae][0xffffff85][0x1][0xffffffc7][0xffffff86][0xffffffb3][0xffffffbb][0xffffffec][0xffffffb7][0xffffff92][0xffffff94][0x8][0x19][0xffffffce][0xffffffb6][0xffffff81]d([0x11]0[0xffffff9c]-[0xffffffe1][0xffffffac][0xffffffa6]D[0xfffffff0]p[0xffffffb6]+O[0xffffff96][0x12]y[0xffffffc3][0xffffffd9][0xffffffae]Z9J[0xffffffa4][0xc]gk[0xfffffff1]nP[0xffffffc2][0xffffffac]][0xfffffff6][0xfffffff6][0xffffffbc][0xffffffb0][0x1f]8[0xfffffff0][0xffffffb5][0xffffffcb][0x1e][0xffffffb0]v[0xffffffd9][0xffffffcd]$[a[0xffffffc0][0xffffffb1][0xffffffb5][0xffffffcb].[0xffffffa3]k$%B[0xffffffd6].m [0x19]J[0x4][0xffffffac]]J8[0xffffffab])[0x11][0xffffffbc]v[0xffffffe9][0xffffffca][0xffffff93][0xffffffa5]D[0xffffffde][0xffffffda][0xffffffa5][0xffffffab]V[0xffffff8e][0x12])k[0xffffff97]Z[0xffffffbc][0x1b][0xffffff94]8[0xc]%[0xfffffffa][0xffffffc0]N[0x6][0xfffffffd][0xffffffbc][0x1f][0xffffff98][0x12]G[0x0]%[0xe][0xffffffcd]{a[0xffffffc0][0xf][0xffffff8c][0x12]G[0x12]%4[0xffffff8a][0xc]%\ [0x19]Jh,[0xffffffeb])[0xffffffb1][0xffffff86][0xffffffb3][0xffffff9a][0x12]kD[0xffffff93](a[0xffffffca][0xffffff93][0xffffffa5][0xffffff84][0xffffffed]R[0xffffff96][0x12][0xffffffa6]Z9JH[0xffffffd3]R[0xffffff94][0xffffff90][0xffffffe2][0xffffffdd][0xffffffa0][0xffffff84]Y[0xffffffbb][0xffffffec]}[0xffffffde][0xffffff9d][0xffffffa2][0x4][0xffffffbe]v[0xffffffd9][0x3][0xffffffd6].[0xffffffbb][0xffffff99]d+[0xc]8[0xffffffb6]v[0xffffffd9]et[0xffffff8d][0xffffffa4]D[0xffffffc8][0xffffffda][0xffffffa5][\r]$C[0xffffff89][0xffffff80][0xffffffb5]K[0x9]g5%[0xffffff82][0xffffffd7].]y[0xffffffb2][0xffffff94][0xffffffc8][[0xffffffbb]t[0xffffffd5][0xffffffca]Q"e[0xffffffed]R[0xffffff8b]w[0xffffff83][0x12]n[0xffffffa2]j[0xffffffbc][0xffffff9e][0x17]E[0x9]|[0xffffffa2][0xffffffaa][0x7]LTu[0xffffffb3][0xffffffa3]R[0x18]pl[0xffffffa2][0xffffffaa][0xffffffcb]R[\n]"
01:51:24.966 [main] DEBUG org.apache.hc.client5.http.wire -- http-outgoing-1 << "I[0xffffff89][0xffffff90][0xffffff89]*[0x1b]H[0xffffff86][0x12][0x1][0x13]U[0x12][0xffffffce]jJ[0x4]OT[0xffffffb9][0xfffffff2]d)[0xffffff91]7Q[0xffffffe5][0xffffffaa][0xffffff95][0xffffffa3]D[0xffffffca]D[0xffffff95][0x16][0xffffffef][0x6]%[0xffffffdc]D[0xffffffd5][0xffffff98][0xffffffcf]IQ[0x2][0xffffff9f][0xffffffa8][0xffffffea][0x1][0x13]U[0xffffffdd][0xffffffec][0xffffffa8][0x14][0x6][0x1c][0xffffff9b][0xffffffa8][0xffffffea][0xffffffb2][0xffffff94]BR"d[0xffffffa2][0xffffffca][0x6][0xffffff92][0xffffffa1]D[0xffffffc0]D[0xffffff95][0xffffff84][0xffffffb3][0xffffff9a][0x12][0xffffffc1][0x13]U[0xffffffae]<YJ[0xffffffe4]MT[0xffffffb9]j[0xffffffe5]([0xffffff91]2Q[0xffffffa5][0xffffffc5][0xfffffffb][0xfffffff7][0xffffff94][0x18]n[0xffffffa2]j[0x1c]W[0xffffff83](1[0xfffffff0][0xffffff89][0xffffffaa][0x11]0Q5[0xffffffcc][0xffffff8e]J][0xffffffc0][0x7]6Q5d)[0x5][0xffffffa4][0xffffff84][0xffffff89]"B[0x9][0x1b]H[0xffffff84][0x12]&[0xffffff96][0xffffffe5][0xffffff94][0xffffff90]p[0x16]SB"[0x1a]D[0x9]W[0xffffff9e](%|[0xffffff97][0xffffffa2][0xffffff94]p[0xffffffd5][0xffffff8a]QB[0xffffff9b][0x16][0xffffffa2][0xffffff84][0x16][0xffffffef][0x6]%[0xffffffdc]D[0xffffffd5]8[0x7][0xfffffff5][0x3][0xffffffc7][0xffffffc0]'[0xffffffaa]F[0xffffffc0]D[0xffffffd5]0;*[0xffffff85][0x1][0xffffffc7]&[0xffffffaa][0xffffff86],[0xffffffa5][0xffffff90][0xffffff94][0x8][0xffffff99][0xffffffa8][0xffffffb2][0xffffff81]d([0x11]0Q%[0xffffffe1][0xffffffac][0xffffffa6]D[0xfffffff0]D[0xffffff95]+O[0xffffff96][0x12]y[0x13]U[0xffffffae]Z9J[0xffffffa4]LTi[0xfffffff1]nP[0xffffffc2]MT[0xffffff8d][0xfffffff3][0xffffffa2]>[0x6][0x1d][0xfffffff8]D[0xffffffd5][0x8][0xffffff98][0xffffffa8][0x1a]fG[0xffffffa5]0[0xffffffe0][0xffffffd8]D[0xffffffd5][0xffffff90][0xffffffa5][0x14][0xffffff92][0x12]![0x13]U6[0xffffff90][0xc]%[0x2]&[0xffffffaa]$[0xffffff9c][0xffffffd5][0xffffff94][0x8][0xffffff9e][0xffffffa8]r[0xffffffe5][0xffffffc9]R"o[0xffffffa2][0xffffffca]U+G[0xffffff89][0xffffff94][0xffffff89]*-[0xffffffde][\r]J[0xffffffb8][0xffffff89][0xffffffaa]q[\r][0xffffffea]][0xffffff89][0xffffff81]OT[0xffffff8d][0xffffff80][0xffffff89][0xffffffaa]avT[\n]"
01:51:24.968 [main] DEBUG org.apache.hc.client5.http.wire -- http-outgoing-1 << "[0x3][0xffffff8e]MT[\r]YJ!)[0x11]2Qe[0x3][0xffffffc9]P"`[0xffffffa2]J[0xffffffc2]YM[0xffffff89][0xffffffe0][0xffffff89]*W[0xffffff9e],%[0xfffffff2]&[0xffffffaa]\[0xffffffb5]r[0xffffff94]H[0xffffff99][0xffffffa8][0xffffffd2][0xffffffe2][0xffffffdd][0xffffffa0][0xffffff84][0xffffff9b][0xffffffa8][0x1a][0xfffffff7][0xffffff81][0xfffffffd][0xffffffc0][0xffffff81]OT[0xffffff8d][0xffffff80][0xffffff89][0xffffffaa]avT[\n]"
01:51:24.969 [main] DEBUG org.apache.hc.client5.http.wire -- http-outgoing-1 << "[0x3][0xffffff8e]MT[\r]YJ!)[0x11]2Qe[0x3][0xffffffc9]P"`[0xffffffa2]J[0xffffffc2]YM[0xffffff89][0xffffffe0][0xffffff89]*W[0xffffff9e],%[0xfffffff2]&[0xffffffaa]\[0xffffffb5]r[0xffffff94]H[0xffffff99][0xffffffa8][0xffffffd2][0xffffffe2][0xffffffdd][0xffffffa0][0xffffffc4]a([0xfffffff1][0xfffffff1][0x1f][0xffffffec][0xffffffa9][0xffffffc4][0xffffff81]S[0xffffffe2][0x8][0xffffffa0][0xffffffc4][0xffffffa1]y/[0xc][0xfffffff8][0xffffff81]Q[0xffffffe2]H[0xffffffa2][0xffffff84]F[0xffffff91][0xffffffa1][0xffffff84][0xb]$C[0x9][0xffffff8d]e=%[0xffffffd6]pVSb[0xffffff8d]h[0x12]%Ly[0xffffffb2][0xffffff94][0xffffffb0]][0xffffffca]R[0xffffffc2]T+G[0x9]iZ[0xffffff8a][0x12]R[0xffffffbc][0x1b][0xffffff94]p[0x13]UsN[0xffffffec][0xb][0xe]|[0xffffffa2]j[0x4]LT[\r][0xffffffb3][0xffffffa3]R[0x18]pl[0xffffffa2]j[0xffffffc8]R[\n]"
01:51:24.970 [main] DEBUG org.apache.hc.client5.http.wire -- http-outgoing-1 << "I[0xffffff89][0xffffff90][0xffffff89]*[0x1b]H[0xffffff86][0x12][0x1][0x13]U[0x12][0xffffffce]jJ[0x4]OT[0xffffffb9][0xfffffff2]d)[0xffffff91]7Q[0xffffffe5][0xffffffaa][0xffffff95][0xffffffa3]D[0xffffffca]D[0xffffff95][0x16][0xffffffef][0x6]%.G[0xffffff89][0xffffffa7]M[0xffffff8a][0x12][0x17]N[0xffffff89]+[0xffffff80][0x12][0xffffff97][0xffffffe6][0xffffffbd]0[0xffffffe0][0x17]F[0xffffff89]+[0xffffff89][0x12][0x1a]E[0xffffff86][0x12].[0xffffff90][0xc]%4[0xffffff96][0xfffffff5][0xffffff94]X[0xffffffc3]YM[0xffffff89]5[0xffffffa2]I[0xffffff94]0[0xffffffe5][0xffffffc9]R[0xffffffc2]v)K[0x9]S[0xffffffad][0x1c]%[0xffffffa4]i)JH[0xfffffff1]nP[0xffffffc2][0xffffffad]][0x1e][0xffffffed][0xffffff85]Q[0x2]_[0xffffffbb][0x1c][0x1]k[0xffffff97][0xffffffc3]L[0xffffffb2][0x15][0x6][0x1c][[0xffffffbb][0x1c]2[0xffffffba]FR"d[0xffffffed][0xffffffd2][0x6][0xffffff92][0xffffffa1]D[0xffffffc0][0xffffffda][0xffffffa5][0xffffff84][0xffffffb3][0xffffff9a][0x12][0xffffffc1]k[0xffffff97][0xffffffae]<YJ[0xffffffe4][0xffffffad]][0xffffffba]j[0xffffffe5]([0xffffff91][0xffffffb2]v[0xffffffa9][0xffffffc5][0xffffffbb]A[0x9][0xffffffb7]vy[0x1c]/[0xffffffec]][0x9]|[0xffffffed]r[0x4][0xffffffac]][0xe]3[0xffffffc9]V[0x18]pl[0xffffffed]r[0xffffffc8][0xffffffe8][0x1a]I[0xffffff89][0xffffff90][0xffffffb5]K[0x1b]H[0xffffff86][0x12][0x1]k[0xffffff97][0x12][0xffffffce]jJ[0x4][0xffffffaf]][0xffffffba][0xfffffff2]d)[0xffffff91][0xffffffb7]v[0xffffffe9][0xffffffaa][0xffffff95][0xffffffa3]D[0xffffffca][0xffffffda][0xffffffa5][0x16][0xffffffef][0xffffffdf]Sb[0xffffffba][0xffffffb5][0xffffffcb][0xffffffe3]|n[0xffffff88][0x12][0x13]_[0xffffffbb][0xffffff9c][0x1]k[0xffffff97][0xffffffd3]L[0xffffffb2][0xffffffd5][0x5]|bk[0xffffff97]SF[0xffffffd7]@J[0xffffff98]("[0xffffff94][0xffffffb0][0xffffff81]D(abYN[0x9][0x9]g1%$[0xffffffa2]A[0xffffff94]p[0xffffffe5][0xffffff89]R[0xffffffc2]w)J[0x9]W[0xffffffad][0x18]%[0xffffffb4]i!Jh[0xfffffff1]nP[0xffffffa2][0xfffffffd]O[0x17]J[0xffffff9c][0xffffffaf][0xffffff93]:d[0xfffffffc][0xfffffff3]~`J|[0xffffffde][0x1]M[0xffffff89][0xffffffff][0xffffffdc][0x3]C[0xffffff89][0xffffffcf][0xffffffab]3[0xffffff94][0xfffffff8]y[0xffffffe5][0xc]Jh[0x14][0x19]J[0xffffffb8]@2[0xffffff94][0xffffffd0]X[0xffffffd6]Sb[\r]g5%[0xffffffd6][0xffffff88]&Q[0xffffffc2][0xffffff94]'K[0x9][0xffffffdb][0xffffffa5],%L[0xffffffb5]r[0xffffff94][0xffffff90][0xffffffa6][0xffffffa5](![0xffffffc5][0xffffffbb]A[0x9][0xffffffb7]vy[0xfffffff6][0xffffff9b][0xfffffffa][0xffffff82]c[0xffffffe2]k[0xffffff97]3`[0xffffffed]r[0xffffff9a]I[0xffffffb6][0xffffffc2][0xffffff80]ck[0xffffff97]SF[0xffffffd7]HJ[0xffffff84][0xffffffac]][0xffffffda]@2[0xffffff94][0x8]X[0xffffffbb][0xffffff94]pVS"x[0xffffffed][0xffffffd2][0xffffff95]'K[0xffffff89][0xffffffbc][0xffffffb5]KW[0xffffffad][0x1c]%R[0xffffffd6].[0xffffffb5]x7([0xffffffe1][0xffffffd6].[0xffffffcf][0xfffffff3][0xffffffc0][0xffffff9e]J[0xffffffe0]k[0xffffff97]3`[0xffffffed]r[0xffffff9a]I[0xffffffb6][0xffffffc2][0xffffff80]ck[0xffffff97]SF[0xffffffd7]HJ[0xffffff84][0xffffffac]][0xffffffda]@2[0xffffff94][0x8]X[0xffffffbb][0xffffff94]pVS"x[0xffffffed][0xffffffd2][0xffffff95]'K[0xffffff89][0xffffffbc][0xffffffb5]KW[0xffffffad][0x1c]%R[0xffffffd6].[0xffffffb5]x7([0xffffffe1][0xffffffd6].[0xffffffcf]kPgpL|[0xffffffed]r[0x6][0xffffffac]]N3[0xffffffc9]V[0x18]pl[0xffffffed]r[0xffffffca][0xffffffe8][0x1a]I[0xffffff89][0xffffff90][0xffffffb5]K[0x1b]H[0xffffff86][0x12][0x1]k[0xffffff97][0x12][0xffffffce]jJ[0x4][0xffffffaf]][0xffffffba][0xfffffff2]d)[0xffffff91][0xffffffb7]v[0xffffffe9][0xffffffaa][0xffffff95][0xffffffa3]D[0xffffffca][0xffffffda][0xffffffa5][0x16][0xffffffef][0x6]%[0xe]K[0xffffff89]{R[0xffffff94]8pJ[0x1c][0x1][0xffffff94]84[0xffffffef][0xffffff85][0x1]?0J[0x1c]I[0xffffff94][0xffffffd0](2[0xffffff94]p[0xffffff81]d([0xffffffa1][0xffffffb1][0xffffffac][0xffffffa7][0xffffffc4][0x1a][0xffffffce]jJ[0xffffffac][0x11]M[0xffffffa2][0xffffff84])O[0xffffff96][0x12][0xffffffb6]KYJ[0xffffff98]j[0xffffffe5](!MKQB[0xffffff8a]w[0xffffff83][0x12]n[0xffffffed][0xfffffff2][0xffffffbc][0xffffffbf][0xfffffffe]}![0xffffff94][0xffffffc0][0xffffffd7].g[0xffffffc0][0xffffffda][0xffffffe5]4[0xffffff93]l[0xffffff85][0x1][0xffffffc7][0xffffffd6].[0xffffffa7][0xffffff8c][0xffffffae][0xffffff91][0xffffff94][0x8]Y[0xffffffbb][0xffffffb4][0xffffff81]d([0x11][0xffffffb0]v)[0xffffffe1][0xffffffac][0xffffffa6]D[0xfffffff0][0xffffffda][0xffffffa5]+O[0xffffff96][0x12]yk[0xffffff97][0xffffffae]Z9J[0xffffffa4][0xffffffac]]j[0xfffffff1]nP[0xffffffc2][0xffffffad]][0xffffff9e][0xffffffcf][0xb][0xffffffa3][0x4][0xffffffbe]v9[0x3][0xffffffd6].[0xffffffa7][0xffffff99]d+[0xc]8[0xffffffb6]v9et[0xffffff8d][0xffffffa4]D[0xffffffc8][0xffffffda][0xffffffa5][\r]$C[0xffffff89][0xffffff80][0xffffffb5]K[0x9]g5%[0xffffff82][0xffffffd7].]y[0xffffffb2][0xffffff94][0xffffffc8][[0xffffffbb]t[0xffffffd5][0xffffffca]Q"e[0xffffffed]R[0xffffff8b]w[0xffffff83][0x12]n[0xffffffed][0xfffffff2]z[0xffffffdd][0xffffffd8][0xffffffae][0x4][0xffffffbe]v9[0x3][0xffffffd6].[0xffffffa7][0xffffff99]d+[0xc]8[0xffffffb6]v9et[0xffffff8d][0xffffffa4]D[0xffffffc8][0xffffffda][0xffffffa5][\r]$C[0xffffff89][0xffffff80][0xffffffb5]K[0x9]g5%[0xffffff82][0xffffffd7].]y[0xffffffb2][0xffffff94][0xffffffc8][[0xffffffbb]t[0xffffffd5][0xffffffca]Q"e[0xffffffed]R[0xffffff8b][0xfffffff7][0xffffff8f][0xffffff94][0xfffffff8][0xffffffdf][0xffffffff][0xfffffffb][0x7f][0xffffffff][0x1f][0xffffffa4][0xfffffffb]:[0xfffffffd]S[0xb]'[0x0]"
01:51:25.265 [main] DEBUG org.apache.hc.client5.http.impl.classic.InternalHttpClient -- ep-0000000002 releasing valid endpoint
01:51:25.265 [main] DEBUG org.apache.hc.client5.http.impl.io.PoolingHttpClientConnectionManager -- ep-0000000002 releasing endpoint
01:51:25.266 [main] DEBUG org.apache.hc.client5.http.impl.io.PoolingHttpClientConnectionManager -- ep-0000000002 connection http-outgoing-1 can be kept alive for 3 MINUTES
01:51:25.269 [main] DEBUG org.apache.hc.client5.http.impl.io.PoolingHttpClientConnectionManager -- ep-0000000002 connection released [route: {s}->https://googlechromelabs.github.io:443][total available: 2; route allocated: 1 of 5; total allocated: 2 of 25]
01:51:25.272 [main] INFO io.github.bonigarcia.wdm.WebDriverManager -- Using chromedriver 133.0.6943.141 (resolved driver for Chrome 133)
01:51:25.278 [main] DEBUG io.github.bonigarcia.wdm.cache.ResolutionCache -- Storing resolution chrome=133 in cache (valid until 02:51:25 05/03/2025 IST)
01:51:25.280 [main] DEBUG io.github.bonigarcia.wdm.cache.ResolutionCache -- Storing resolution chrome133=133.0.6943.141 in cache (valid until 01:51:25 06/03/2025 IST)
01:51:25.327 [main] DEBUG io.github.bonigarcia.wdm.WebDriverManager -- Driver chromedriver 133.0.6943.141 found in cache
01:51:25.329 [main] INFO io.github.bonigarcia.wdm.WebDriverManager -- Exporting webdriver.chrome.driver as C:\Users\Dell\.cache\selenium\chromedriver\win64\133.0.6943.141\chromedriver.exe
Browser setup completed.
]]></system-out>
    <system-err><![CDATA[Mar 05, 2025 1:51:27 AM org.openqa.selenium.devtools.CdpVersionFinder findNearestMatch
WARNING: Unable to find CDP implementation matching 133
Mar 05, 2025 1:51:27 AM org.openqa.selenium.chromium.ChromiumDriver lambda$new$5
WARNING: Unable to find version of CDP to use for 133.0.6943.142. You may need to include a dependency on a specific version of the CDP using something similar to `org.seleniumhq.selenium:selenium-devtools-v86:4.14.1` where the version ("v86") matches the version of the chromium-based browser you're using and the version number of the artifact is the same as Selenium's.
]]></system-err>
  </testcase>
  <testcase name="testUserLogin[wronguser@example.com, wrongpass, User not found. Please register.&#10;OK](2)" classname="com.fraud.test.UserModuleTesting" time="0.75">
    <system-out><![CDATA[POSITIVE: All tests passed successfully!
]]></system-out>
  </testcase>
</testsuite>