<?xml version="1.0" encoding="UTF-8"?>
<testsuite xmlns:xsi="http://www.w3.org/2001/XMLSchema-instance" xsi:noNamespaceSchemaLocation="https://maven.apache.org/surefire/maven-surefire-plugin/xsd/surefire-test-report-3.0.xsd" version="3.0" name="TestSuite" time="8.46" tests="2" errors="0" skipped="0" failures="0">
  <properties>
[...]
</properties>
  <testcase name="testUserLogin[sujalja396@gmail.com, 12345678, Citizen Safe](1)" classname="com.fraud.test.UserModuleTesting" time="4.279">
    <system-out><![CDATA[11:02:57.237 [main] DEBUG org.testng.TestNG -- suiteXmlPath: "D:\Fraud detection website\tomcat\apache-tomcat-10.1.24\webapps\FraudDetectionSystem\src\test\resources\testng.xml"
11:02:57.642 [main] DEBUG io.github.bonigarcia.wdm.WebDriverManager -- Using WebDriverManager 5.8.0
11:02:58.074 [main] DEBUG io.github.bonigarcia.wdm.cache.ResolutionCache -- Resolution chrome=133 in cache (valid until 11:16:35 05/03/2025 IST)
11:02:58.076 [main] DEBUG io.github.bonigarcia.wdm.cache.ResolutionCache -- Resolution chrome133=133.0.6943.141 in cache (valid until 01:51:25 06/03/2025 IST)
11:02:58.077 [main] INFO io.github.bonigarcia.wdm.WebDriverManager -- Using chromedriver 133.0.6943.141 (resolved driver for Chrome 133)
11:02:58.110 [main] DEBUG io.github.bonigarcia.wdm.WebDriverManager -- Driver chromedriver 133.0.6943.141 found in cache
11:02:58.113 [main] INFO io.github.bonigarcia.wdm.WebDriverManager -- Exporting webdriver.chrome.driver as C:\Users\Dell\.cache\selenium\chromedriver\win64\133.0.6943.141\chromedriver.exe
Browser setup completed.
]]></system-out>
    <system-err><![CDATA[Mar 05, 2025 11:02:59 AM org.openqa.selenium.devtools.CdpVersionFinder findNearestMatch
WARNING: Unable to find CDP implementation matching 133
Mar 05, 2025 11:02:59 AM org.openqa.selenium.chromium.ChromiumDriver lambda$new$5
WARNING: Unable to find version of CDP to use for 133.0.6943.142. You may need to include a dependency on a specific version of the CDP using something similar to `org.seleniumhq.selenium:selenium-devtools-v86:4.14.1` where the version ("v86") matches the version of the chromium-based browser you're using and the version number of the artifact is the same as Selenium's.
]]></system-err>
  </testcase>
  <testcase name="testUserLogin[wronguser@example.com, wrongpass, User not found. Please register.&#10;OK](2)" classname="com.fraud.test.UserModuleTesting" time="0.748">
    <system-out><![CDATA[POSITIVE: All tests passed successfully!
]]></system-out>
  </testcase>
</testsuite>